Dec 16, 2020 4:27:26 PM hr.pb.fer.srsv.lift.Prikaznik run
INFO:               Lift1     
Smjer/vrata:    G  Z    
Stajanja:=====  ----  == Izašli
4:          |          |          
  ==========|          |
3:          |          |          
  ==========|          |
2:          |          |          
  ==========|          |
1:          |[        ]|          
========================
Putnici:                
     od:                
     do:                

Dec 16, 2020 4:27:27 PM hr.pb.fer.srsv.lift.Prikaznik run
INFO:               Lift1     
Smjer/vrata:    G  Z    
Stajanja:=====  ----  == Izašli
4:          |          |          
  ==========|          |
3:          |          |          
  ==========|          |
2:          |          |          
  ==========|          |
1:          |[        ]|          
========================
Putnici:                
     od:                
     do:                

Dec 16, 2020 4:27:28 PM hr.pb.fer.srsv.lift.Prikaznik run
INFO:               Lift1     
Smjer/vrata:    G  Z    
Stajanja:=====  ----  == Izašli
4:          |          |          
  ==========|          |
3:          |          |          
  ==========|          |
2:          |          |          
  ==========|          |
1:          |[        ]|          
========================
Putnici:                
     od:                
     do:                

Dec 16, 2020 4:27:29 PM hr.pb.fer.srsv.lift.Prikaznik run
INFO:               Lift1     
Smjer/vrata:    G  Z    
Stajanja:=====  ----  == Izašli
4:EN        |          |          
  ==========|          |
3:          |          |          
  ==========|          |
2:          |          |          
  ==========|          |
1:          |[        ]|          
========================
Putnici:                
     od:                
     do:                

Dec 16, 2020 4:27:30 PM hr.pb.fer.srsv.lift.Prikaznik run
INFO:               Lift1     
Smjer/vrata:    G  Z    
Stajanja:=====  ----  == Izašli
4:EN        |          |          
  ==========|          |
3:M         |          |          
  ==========|          |
2:          |          |          
  ==========|          |
1:          |[        ]|          
========================
Putnici:                
     od:                
     do:                

Dec 16, 2020 4:27:31 PM hr.pb.fer.srsv.lift.Prikaznik run
INFO:               Lift1     
Smjer/vrata:    G  Z    
Stajanja:=====  ----  == Izašli
4:EN        |          |          
  ==========|          |
3:M         |          |          
  ==========|          |
2:          |          |          
  ==========|          |
1:          |[        ]|          
========================
Putnici:                
     od:                
     do:                

Dec 16, 2020 4:27:32 PM hr.pb.fer.srsv.lift.Prikaznik run
INFO:               Lift1     
Smjer/vrata:    G  Z    
Stajanja:=====  ----  == Izašli
4:EN        |          |          
  ==========|          |
3:M         |          |          
  ==========|          |
2:          |          |          
  ==========|[        ]|
1:          |          |          
========================
Putnici:                
     od:                
     do:                

Dec 16, 2020 4:27:33 PM hr.pb.fer.srsv.lift.Prikaznik run
INFO:               Lift1     
Smjer/vrata:    G  Z    
Stajanja:=====  ----  == Izašli
4:EN        |          |          
  ==========|          |
3:M         |          |          
  ==========|          |
2:          |          |          
  ==========|[        ]|
1:          |          |          
========================
Putnici:                
     od:                
     do:                

Dec 16, 2020 4:27:34 PM hr.pb.fer.srsv.lift.Prikaznik run
INFO:               Lift1     
Smjer/vrata:    G  Z    
Stajanja:=====  ----  == Izašli
4:EN        |          |          
  ==========|          |
3:M         |          |          
  ==========|          |
2:          |          |          
  ==========|[        ]|
1:          |          |          
========================
Putnici:                
     od:                
     do:                

Dec 16, 2020 4:27:35 PM hr.pb.fer.srsv.lift.Prikaznik run
INFO:               Lift1     
Smjer/vrata:     DO     
Stajanja:=====  ----  == Izašli
4:EN        |          |          
  ==========|          |
3:M         |          |          
  ==========|          |
2:M         |[        ]|          
  ==========|          |
1:          |          |          
========================
Putnici:                
     od:                
     do:                

Dec 16, 2020 4:27:36 PM hr.pb.fer.srsv.lift.Prikaznik run
INFO:               Lift1     
Smjer/vrata:     DO     
Stajanja:=====  ----  == Izašli
4:EN        |          |          
  ==========|          |
3:M         |          |          
  ==========|          |
2:M         |[        ]|          
  ==========|          |
1:          |          |          
========================
Putnici:                
     od:                
     do:                

Dec 16, 2020 4:27:37 PM hr.pb.fer.srsv.lift.Prikaznik run
INFO:               Lift1     
Smjer/vrata:     DO     
Stajanja:=====  ----  == Izašli
4:EN        |          |          
  ==========|          |
3:M         |          |          
  ==========|          |
2:          |[M       ]|          
  ==========|          |
1:          |          |          
========================
Putnici:                
     od:                
     do:                

Dec 16, 2020 4:27:38 PM hr.pb.fer.srsv.lift.Prikaznik run
INFO:               Lift1     
Smjer/vrata:     DO     
Stajanja:=====  ----  == Izašli
4:EN        |          |          
  ==========|          |
3:M         |          |          
  ==========|          |
2:          |[M       ]|          
  ==========|          |
1:          |          |          
========================
Putnici:                
     od:                
     do:                

Dec 16, 2020 4:27:39 PM hr.pb.fer.srsv.lift.Prikaznik run
INFO:               Lift1     
Smjer/vrata:     DO     
Stajanja:=====  ----  == Izašli
4:EN        |          |          
  ==========|          |
3:M         |          |          
  ==========|          |
2:          |[M       ]|          
  ==========|          |
1:B         |          |          
========================
Putnici:                
     od:                
     do:                

Dec 16, 2020 4:27:40 PM hr.pb.fer.srsv.lift.Prikaznik run
INFO:               Lift1     
Smjer/vrata:     D Z    
Stajanja:=====  ----  == Izašli
4:EN        |          |          
  ==========|          |
3:M         |          |          
  ==========|          |
2:          |[M       ]|          
  ==========|          |
1:B         |          |          
========================
Putnici:                
     od:                
     do:                

Dec 16, 2020 4:27:41 PM hr.pb.fer.srsv.lift.Prikaznik run
INFO:               Lift1     
Smjer/vrata:     D Z    
Stajanja:=====  ----  == Izašli
4:EN        |          |          
  ==========|          |
3:M         |          |          
  ==========|          |
2:          |[M       ]|          
  ==========|          |
1:B         |          |          
========================
Putnici:                
     od:                
     do:                

Dec 16, 2020 4:27:42 PM hr.pb.fer.srsv.lift.Prikaznik run
INFO:               Lift1     
Smjer/vrata:     D Z    
Stajanja:=====  ----  == Izašli
4:EN        |          |          
  ==========|          |
3:M         |          |          
  ==========|          |
2:          |[M       ]|          
  ==========|          |
1:B         |          |          
========================
Putnici:                
     od:                
     do:                

Dec 16, 2020 4:27:43 PM hr.pb.fer.srsv.lift.Prikaznik run
INFO:               Lift1     
Smjer/vrata:     D Z    
Stajanja:=====  ----  == Izašli
4:EN        |          |          
  ==========|          |
3:M         |          |          
  ==========|          |
2:          |          |          
  ==========|[M       ]|
1:BV        |          |          
========================
Putnici:                
     od:                
     do:                

Dec 16, 2020 4:27:44 PM hr.pb.fer.srsv.lift.Prikaznik run
INFO:               Lift1     
Smjer/vrata:     D Z    
Stajanja:=====  ----  == Izašli
4:EN        |          |          
  ==========|          |
3:M         |          |          
  ==========|          |
2:          |          |          
  ==========|[M       ]|
1:BVF       |          |          
========================
Putnici:                
     od:                
     do:                

Dec 16, 2020 4:27:45 PM hr.pb.fer.srsv.lift.Prikaznik run
INFO:               Lift1     
Smjer/vrata:     D Z    
Stajanja:=====  ----  == Izašli
4:EN        |          |          
  ==========|          |
3:M         |          |          
  ==========|          |
2:          |          |          
  ==========|[M       ]|
1:BVFB      |          |          
========================
Putnici:                
     od:                
     do:                

Dec 16, 2020 4:27:46 PM hr.pb.fer.srsv.lift.Prikaznik run
INFO:               Lift1     
Smjer/vrata:     D Z    
Stajanja:=====  ----  == Izašli
4:EN        |          |          
  ==========|          |
3:M         |          |          
  ==========|          |
2:          |          |          
  ==========|[M       ]|
1:BVFB      |          |          
========================
Putnici:                
     od:                
     do:                

Dec 16, 2020 4:27:47 PM hr.pb.fer.srsv.lift.Prikaznik run
INFO:               Lift1     
Smjer/vrata:     DO     
Stajanja:=====  ----  == Izašli
4:EN        |          |          
  ==========|          |
3:M         |          |          
  ==========|          |
2:          |          |          
  ==========|          |
1:BVFB      |[        ]|M         
========================
Putnici: M              
     od: 2              
     do: 1              

Dec 16, 2020 4:27:48 PM hr.pb.fer.srsv.lift.Prikaznik run
INFO:               Lift1     
Smjer/vrata:     DO     
Stajanja:=====  ----  == Izašli
4:ENL       |          |          
  ==========|          |
3:M         |          |          
  ==========|          |
2:          |          |          
  ==========|          |
1:BVFB      |[        ]|M         
========================
Putnici: M              
     od: 2              
     do: 1              

Dec 16, 2020 4:27:49 PM hr.pb.fer.srsv.lift.Prikaznik run
INFO:               Lift1     
Smjer/vrata:     DO     
Stajanja:=====  ----  == Izašli
4:ENL       |          |          
  ==========|          |
3:M         |          |          
  ==========|          |
2:          |          |          
  ==========|          |
1:BVFB      |[        ]|M         
========================
Putnici: M              
     od: 2              
     do: 1              

Dec 16, 2020 4:27:50 PM hr.pb.fer.srsv.lift.Prikaznik run
INFO:               Lift1     
Smjer/vrata:     DO     
Stajanja:=====  ----  == Izašli
4:ENL       |          |          
  ==========|          |
3:M         |          |          
  ==========|          |
2:          |          |          
  ==========|          |
1:BVFB      |[        ]|M         
========================
Putnici: M              
     od: 2              
     do: 1              

Dec 16, 2020 4:27:51 PM hr.pb.fer.srsv.lift.Prikaznik run
INFO:               Lift1     
Smjer/vrata:     DO     
Stajanja:=====  ----  == Izašli
4:ENL       |          |          
  ==========|          |
3:M         |          |          
  ==========|          |
2:          |          |          
  ==========|          |
1:BVFB      |[        ]|M         
========================
Putnici: M              
     od: 2              
     do: 1              

Dec 16, 2020 4:27:52 PM hr.pb.fer.srsv.lift.Prikaznik run
INFO:               Lift1     
Smjer/vrata:    G O     
Stajanja:=====  ----  == Izašli
4:ENL       |          |          
  ==========|          |
3:MV        |          |          
  ==========|          |
2:          |          |          
  ==========|          |
1:          |[BVFB    ]|M         
========================
Putnici: M              
     od: 2              
     do: 1              

Dec 16, 2020 4:27:53 PM hr.pb.fer.srsv.lift.Prikaznik run
INFO:               Lift1     
Smjer/vrata:    G O     
Stajanja:=====  ----  == Izašli
4:ENL       |          |          
  ==========|          |
3:MV        |          |          
  ==========|          |
2:          |          |          
  ==========|          |
1:          |[BVFB    ]|M         
========================
Putnici: M              
     od: 2              
     do: 1              

Dec 16, 2020 4:27:54 PM hr.pb.fer.srsv.lift.Prikaznik run
INFO:               Lift1     
Smjer/vrata:    G O     
Stajanja:=====  ----  == Izašli
4:ENLB      |          |          
  ==========|          |
3:MV        |          |          
  ==========|          |
2:          |          |          
  ==========|          |
1:          |[BVFB    ]|M         
========================
Putnici: M              
     od: 2              
     do: 1              

Dec 16, 2020 4:27:55 PM hr.pb.fer.srsv.lift.Prikaznik run
INFO:               Lift1     
Smjer/vrata:    G O     
Stajanja:=====  ----  == Izašli
4:ENLB      |          |          
  ==========|          |
3:MV        |          |          
  ==========|          |
2:          |          |          
  ==========|          |
1:          |[BVFB    ]|M         
========================
Putnici: M              
     od: 2              
     do: 1              

Dec 16, 2020 4:27:56 PM hr.pb.fer.srsv.lift.Prikaznik run
INFO:               Lift1     
Smjer/vrata:    G O     
Stajanja:=====  ----  == Izašli
4:ENLB      |          |          
  ==========|          |
3:MV        |          |          
  ==========|          |
2:          |          |          
  ==========|          |
1:          |[BVFB    ]|M         
========================
Putnici: M              
     od: 2              
     do: 1              

Dec 16, 2020 4:27:57 PM hr.pb.fer.srsv.lift.Prikaznik run
INFO:               Lift1     
Smjer/vrata:    G  Z    
Stajanja:=====  ----  == Izašli
4:ENLB      |          |          
  ==========|          |
3:MV        |          |          
  ==========|          |
2:          |          |          
  ==========|          |
1:          |[BVFB    ]|M         
========================
Putnici: M              
     od: 2              
     do: 1              

Dec 16, 2020 4:27:58 PM hr.pb.fer.srsv.lift.Prikaznik run
INFO:               Lift1     
Smjer/vrata:    G  Z    
Stajanja:=====  ----  == Izašli
4:ENLB      |          |          
  ==========|          |
3:MV        |          |          
  ==========|          |
2:          |          |          
  ==========|          |
1:          |[BVFB    ]|M         
========================
Putnici: M              
     od: 2              
     do: 1              

Dec 16, 2020 4:27:59 PM hr.pb.fer.srsv.lift.Prikaznik run
INFO:               Lift1     
Smjer/vrata:    G  Z    
Stajanja:=====  ----  == Izašli
4:ENLBJ     |          |          
  ==========|          |
3:MVV       |          |          
  ==========|          |
2:          |          |          
  ==========|          |
1:          |[BVFB    ]|M         
========================
Putnici: M              
     od: 2              
     do: 1              

Dec 16, 2020 4:28:00 PM hr.pb.fer.srsv.lift.Prikaznik run
INFO:               Lift1     
Smjer/vrata:    G  Z    
Stajanja:=====  ----  == Izašli
4:ENLBJ     |          |          
  ==========|          |
3:MVV       |          |          
  ==========|          |
2:          |          |          
  ==========|[BVFB    ]|
1:          |          |M         
========================
Putnici: M              
     od: 2              
     do: 1              

Dec 16, 2020 4:28:01 PM hr.pb.fer.srsv.lift.Prikaznik run
INFO:               Lift1     
Smjer/vrata:    G  Z    
Stajanja:=====  ----  == Izašli
4:ENLBJ     |          |          
  ==========|          |
3:MVV       |          |          
  ==========|          |
2:          |          |          
  ==========|[BVFB    ]|
1:          |          |M         
========================
Putnici: M              
     od: 2              
     do: 1              

Dec 16, 2020 4:28:02 PM hr.pb.fer.srsv.lift.Prikaznik run
INFO:               Lift1     
Smjer/vrata:    G  Z    
Stajanja:=====  ----  == Izašli
4:ENLBJ     |          |          
  ==========|          |
3:MVV       |          |          
  ==========|          |
2:          |          |          
  ==========|[BVFB    ]|
1:          |          |M         
========================
Putnici: M              
     od: 2              
     do: 1              

Dec 16, 2020 4:28:03 PM hr.pb.fer.srsv.lift.Prikaznik run
INFO:               Lift1     
Smjer/vrata:    G  Z    
Stajanja:=====  ----  == Izašli
4:ENLBJ     |          |          
  ==========|          |
3:MVV       |          |          
  ==========|          |
2:          |[BVFB    ]|          
  ==========|          |
1:          |          |M         
========================
Putnici: M              
     od: 2              
     do: 1              

Dec 16, 2020 4:28:04 PM hr.pb.fer.srsv.lift.Prikaznik run
INFO:               Lift1     
Smjer/vrata:    G  Z    
Stajanja:=====  ----  == Izašli
4:ENLBJ     |          |          
  ==========|          |
3:MVV       |          |          
  ==========|          |
2:          |[BVFB    ]|          
  ==========|          |
1:T         |          |M         
========================
Putnici: M              
     od: 2              
     do: 1              

Dec 16, 2020 4:28:05 PM hr.pb.fer.srsv.lift.Prikaznik run
INFO:               Lift1     
Smjer/vrata:    G  Z    
Stajanja:=====  ----  == Izašli
4:ENLBJ     |          |          
  ==========|          |
3:MVV       |          |          
  ==========|          |
2:          |[BVFB    ]|          
  ==========|          |
1:T         |          |M         
========================
Putnici: M              
     od: 2              
     do: 1              

Dec 16, 2020 4:28:06 PM hr.pb.fer.srsv.lift.Prikaznik run
INFO:               Lift1     
Smjer/vrata:    G  Z    
Stajanja:=====  ----  == Izašli
4:ENLBJ     |          |          
  ==========|          |
3:MVV       |          |          
  ==========|[BVFB    ]|
2:          |          |          
  ==========|          |
1:T         |          |M         
========================
Putnici: M              
     od: 2              
     do: 1              

Dec 16, 2020 4:28:07 PM hr.pb.fer.srsv.lift.Prikaznik run
INFO:               Lift1     
Smjer/vrata:    G  Z    
Stajanja:=====  ----  == Izašli
4:ENLBJ     |          |          
  ==========|          |
3:MVV       |          |          
  ==========|[BVFB    ]|
2:          |          |          
  ==========|          |
1:T         |          |M         
========================
Putnici: M              
     od: 2              
     do: 1              

Dec 16, 2020 4:28:08 PM hr.pb.fer.srsv.lift.Prikaznik run
INFO:               Lift1     
Smjer/vrata:    G  Z    
Stajanja:=====  ----  == Izašli
4:ENLBJ     |          |          
  ==========|          |
3:MVV       |          |          
  ==========|[BVFB    ]|
2:          |          |          
  ==========|          |
1:T         |          |M         
========================
Putnici: M              
     od: 2              
     do: 1              

Dec 16, 2020 4:28:09 PM hr.pb.fer.srsv.lift.Prikaznik run
INFO:               Lift1     
Smjer/vrata:    G O     
Stajanja:=====  ----  == Izašli
4:ENLBJ     |          |          
  ==========|          |
3:MVV       |[BFB     ]|V         
  ==========|          |
2:          |          |          
  ==========|          |
1:T         |          |M         
========================
Putnici: MV             
     od: 21             
     do: 13             

Dec 16, 2020 4:28:10 PM hr.pb.fer.srsv.lift.Prikaznik run
INFO:               Lift1     
Smjer/vrata:    G O     
Stajanja:=====  ----  == Izašli
4:ENLBJ     |          |          
  ==========|          |
3:M         |[BBVV    ]|VF        
  ==========|          |
2:          |          |          
  ==========|          |
1:TD        |          |M         
========================
Putnici: MVF            
     od: 211            
     do: 133            

Dec 16, 2020 4:28:11 PM hr.pb.fer.srsv.lift.Prikaznik run
INFO:               Lift1     
Smjer/vrata:    G O     
Stajanja:=====  ----  == Izašli
4:ENLBJ     |          |          
  ==========|          |
3:M         |[BBVV    ]|VF        
  ==========|          |
2:          |          |          
  ==========|          |
1:TD        |          |M         
========================
Putnici: MVF            
     od: 211            
     do: 133            

Dec 16, 2020 4:28:12 PM hr.pb.fer.srsv.lift.Prikaznik run
INFO:               Lift1     
Smjer/vrata:    G O     
Stajanja:=====  ----  == Izašli
4:ENLBJ     |          |          
  ==========|          |
3:MM        |[BBVV    ]|VF        
  ==========|          |
2:          |          |          
  ==========|          |
1:TD        |          |M         
========================
Putnici: MVF            
     od: 211            
     do: 133            

Dec 16, 2020 4:28:13 PM hr.pb.fer.srsv.lift.Prikaznik run
INFO:               Lift1     
Smjer/vrata:    G O     
Stajanja:=====  ----  == Izašli
4:ENLBJ     |          |          
  ==========|          |
3:MM        |[BBVV    ]|VF        
  ==========|          |
2:          |          |          
  ==========|          |
1:TD        |          |M         
========================
Putnici: MVF            
     od: 211            
     do: 133            

Dec 16, 2020 4:28:14 PM hr.pb.fer.srsv.lift.Prikaznik run
INFO:               Lift1     
Smjer/vrata:    G  Z    
Stajanja:=====  ----  == Izašli
4:ENLBJ     |          |          
  ==========|          |
3:MM        |[BBVV    ]|VF        
  ==========|          |
2:          |          |          
  ==========|          |
1:TD        |          |M         
========================
Putnici: MVF            
     od: 211            
     do: 133            

Dec 16, 2020 4:28:15 PM hr.pb.fer.srsv.lift.Prikaznik run
INFO:               Lift1     
Smjer/vrata:    G  Z    
Stajanja:=====  ----  == Izašli
4:ENLBJ     |          |          
  ==========|          |
3:MM        |[BBVV    ]|VF        
  ==========|          |
2:          |          |          
  ==========|          |
1:TD        |          |M         
========================
Putnici: MVF            
     od: 211            
     do: 133            

Dec 16, 2020 4:28:16 PM hr.pb.fer.srsv.lift.Prikaznik run
INFO:               Lift1     
Smjer/vrata:    G  Z    
Stajanja:=====  ----  == Izašli
4:ENLBJ     |          |          
  ==========|          |
3:MM        |[BBVV    ]|VF        
  ==========|          |
2:          |          |          
  ==========|          |
1:TD        |          |M         
========================
Putnici: MVF            
     od: 211            
     do: 133            

Dec 16, 2020 4:28:17 PM hr.pb.fer.srsv.lift.Prikaznik run
INFO:               Lift1     
Smjer/vrata:    G  Z    
Stajanja:=====  ----  == Izašli
4:ENLBJ     |          |          
  ==========|[BBVV    ]|
3:MM        |          |VF        
  ==========|          |
2:          |          |          
  ==========|          |
1:TDR       |          |M         
========================
Putnici: MVF            
     od: 211            
     do: 133            

Dec 16, 2020 4:28:18 PM hr.pb.fer.srsv.lift.Prikaznik run
INFO:               Lift1     
Smjer/vrata:    G  Z    
Stajanja:=====  ----  == Izašli
4:ENLBJ     |          |          
  ==========|[BBVV    ]|
3:MM        |          |VF        
  ==========|          |
2:          |          |          
  ==========|          |
1:TDR       |          |M         
========================
Putnici: MVF            
     od: 211            
     do: 133            

Dec 16, 2020 4:28:19 PM hr.pb.fer.srsv.lift.Prikaznik run
INFO:               Lift1     
Smjer/vrata:    G  Z    
Stajanja:=====  ----  == Izašli
4:ENLBJP    |          |          
  ==========|[BBVV    ]|
3:MM        |          |VF        
  ==========|          |
2:          |          |          
  ==========|          |
1:TDR       |          |M         
========================
Putnici: MVF            
     od: 211            
     do: 133            

Dec 16, 2020 4:28:20 PM hr.pb.fer.srsv.lift.Prikaznik run
INFO:               Lift1     
Smjer/vrata:    G  Z    
Stajanja:=====  ----  == Izašli
4:ENLBJP    |          |          
  ==========|[BBVV    ]|
3:MM        |          |VF        
  ==========|          |
2:          |          |          
  ==========|          |
1:TDR       |          |M         
========================
Putnici: MVF            
     od: 211            
     do: 133            

Dec 16, 2020 4:28:21 PM hr.pb.fer.srsv.lift.Prikaznik run
INFO:               Lift1     
Smjer/vrata:    G O     
Stajanja:=====  ----  == Izašli
4:ENLBJP    |[        ]|BVBV      
  ==========|          |
3:MM        |          |VF        
  ==========|          |
2:          |          |          
  ==========|          |
1:TDRD      |          |M         
========================
Putnici: MVFBVBV        
     od: 2111313        
     do: 1334444        

Dec 16, 2020 4:28:22 PM hr.pb.fer.srsv.lift.Prikaznik run
INFO:               Lift1     
Smjer/vrata:    G O     
Stajanja:=====  ----  == Izašli
4:ENLBJPF   |[        ]|BVBV      
  ==========|          |
3:MM        |          |VF        
  ==========|          |
2:          |          |          
  ==========|          |
1:TDRD      |          |M         
========================
Putnici: MVFBVBV        
     od: 2111313        
     do: 1334444        

Dec 16, 2020 4:28:23 PM hr.pb.fer.srsv.lift.Prikaznik run
INFO:               Lift1     
Smjer/vrata:    G O     
Stajanja:=====  ----  == Izašli
4:ENLBJPF   |[        ]|BVBV      
  ==========|          |
3:MM        |          |VF        
  ==========|          |
2:          |          |          
  ==========|          |
1:TDRD      |          |M         
========================
Putnici: MVFBVBV        
     od: 2111313        
     do: 1334444        

Dec 16, 2020 4:28:24 PM hr.pb.fer.srsv.lift.Prikaznik run
INFO:               Lift1     
Smjer/vrata:    G O     
Stajanja:=====  ----  == Izašli
4:ENLBJPF   |[        ]|BVBV      
  ==========|          |
3:MM        |          |VF        
  ==========|          |
2:          |          |          
  ==========|          |
1:TDRD      |          |M         
========================
Putnici: MVFBVBV        
     od: 2111313        
     do: 1334444        

Dec 16, 2020 4:28:25 PM hr.pb.fer.srsv.lift.Prikaznik run
INFO:               Lift1     
Smjer/vrata:    G O     
Stajanja:=====  ----  == Izašli
4:ENLBJPF   |[        ]|BVBV      
  ==========|          |
3:MM        |          |VF        
  ==========|          |
2:          |          |          
  ==========|          |
1:TDRD      |          |M         
========================
Putnici: MVFBVBV        
     od: 2111313        
     do: 1334444        

Dec 16, 2020 4:28:26 PM hr.pb.fer.srsv.lift.Prikaznik run
INFO:               Lift1     
Smjer/vrata:     DO     
Stajanja:=====  ----  == Izašli
4:JF        |[ENLBP   ]|BVBV      
  ==========|          |
3:MMT       |          |VF        
  ==========|          |
2:          |          |          
  ==========|          |
1:TDRD      |          |M         
========================
Putnici: MVFBVBV        
     od: 2111313        
     do: 1334444        

Dec 16, 2020 4:28:27 PM hr.pb.fer.srsv.lift.Prikaznik run
INFO:               Lift1     
Smjer/vrata:     DO     
Stajanja:=====  ----  == Izašli
4:          |[ENLBPJF ]|BVBV      
  ==========|          |
3:MMT       |          |VF        
  ==========|          |
2:          |          |          
  ==========|          |
1:TDRD      |          |M         
========================
Putnici: MVFBVBV        
     od: 2111313        
     do: 1334444        

Dec 16, 2020 4:28:28 PM hr.pb.fer.srsv.lift.Prikaznik run
INFO:               Lift1     
Smjer/vrata:     DO     
Stajanja:=====  ----  == Izašli
4:          |[ENLBPJF ]|BVBV      
  ==========|          |
3:MMT       |          |VF        
  ==========|          |
2:          |          |          
  ==========|          |
1:TDRD      |          |M         
========================
Putnici: MVFBVBV        
     od: 2111313        
     do: 1334444        

Dec 16, 2020 4:28:29 PM hr.pb.fer.srsv.lift.Prikaznik run
INFO:               Lift1     
Smjer/vrata:     DO     
Stajanja:=====  ----  == Izašli
4:          |[ENLBPJF ]|BVBV      
  ==========|          |
3:MMT       |          |VF        
  ==========|          |
2:          |          |          
  ==========|          |
1:TDRD      |          |M         
========================
Putnici: MVFBVBV        
     od: 2111313        
     do: 1334444        

Dec 16, 2020 4:28:30 PM hr.pb.fer.srsv.lift.Prikaznik run
INFO:               Lift1     
Smjer/vrata:     DO     
Stajanja:=====  ----  == Izašli
4:          |[ENLBPJF ]|BVBV      
  ==========|          |
3:MMT       |          |VF        
  ==========|          |
2:          |          |          
  ==========|          |
1:TDRD      |          |M         
========================
Putnici: MVFBVBV        
     od: 2111313        
     do: 1334444        

Dec 16, 2020 4:28:31 PM hr.pb.fer.srsv.lift.Prikaznik run
INFO:               Lift1     
Smjer/vrata:     D Z    
Stajanja:=====  ----  == Izašli
4:          |[ENLBPJF ]|BVBV      
  ==========|          |
3:MMT       |          |VF        
  ==========|          |
2:F         |          |          
  ==========|          |
1:TDRD      |          |M         
========================
Putnici: MVFBVBV        
     od: 2111313        
     do: 1334444        

Dec 16, 2020 4:28:32 PM hr.pb.fer.srsv.lift.Prikaznik run
INFO:               Lift1     
Smjer/vrata:     D Z    
Stajanja:=====  ----  == Izašli
4:          |[ENLBPJF ]|BVBV      
  ==========|          |
3:MMT       |          |VF        
  ==========|          |
2:F         |          |          
  ==========|          |
1:TDRD      |          |M         
========================
Putnici: MVFBVBV        
     od: 2111313        
     do: 1334444        

Dec 16, 2020 4:28:33 PM hr.pb.fer.srsv.lift.Prikaznik run
INFO:               Lift1     
Smjer/vrata:     D Z    
Stajanja:=====  ----  == Izašli
4:          |[ENLBPJF ]|BVBV      
  ==========|          |
3:MMT       |          |VF        
  ==========|          |
2:F         |          |          
  ==========|          |
1:TDRDT     |          |M         
========================
Putnici: MVFBVBV        
     od: 2111313        
     do: 1334444        

Dec 16, 2020 4:28:34 PM hr.pb.fer.srsv.lift.Prikaznik run
INFO:               Lift1     
Smjer/vrata:     D Z    
Stajanja:=====  ----  == Izašli
4:          |          |BVBV      
  ==========|[ENLBPJF ]|
3:MMT       |          |VF        
  ==========|          |
2:F         |          |          
  ==========|          |
1:TDRDT     |          |M         
========================
Putnici: MVFBVBV        
     od: 2111313        
     do: 1334444        

