Dec 16, 2020 4:26:00 PM hr.pb.fer.srsv.lift.Putnik <init>
INFO: Logger za putnika/cu: Filipa, sa id-jem: 0f98b4a0-c031-41f2-bcc6-c79fff97c8ca je inicijaliziran
Dec 16, 2020 4:26:00 PM hr.pb.fer.srsv.lift.Putnik run
INFO: Putnik/ca Filipa dolazi do lifta na Treci kat i namjerom na Cetvrti kat
Dec 16, 2020 4:26:14 PM hr.pb.fer.srsv.lift.Putnik run
INFO: Putnik/ca Filipa ulazi u lift
Dec 16, 2020 4:26:25 PM hr.pb.fer.srsv.lift.Putnik run
INFO: Putnik/ca Filipa izlazi iz lifta na Cetvrti kat
Dec 16, 2020 4:26:25 PM hr.pb.fer.srsv.lift.Putnik run
INFO: Zavrsava se dretva za putnika/cu Filipa
Dec 16, 2020 4:26:28 PM hr.pb.fer.srsv.lift.Putnik <init>
INFO: Logger za putnika/cu: Vedrana, sa id-jem: d5dfe70f-9133-4641-a311-a50de329553e je inicijaliziran
Dec 16, 2020 4:26:28 PM hr.pb.fer.srsv.lift.Putnik run
INFO: Putnik/ca Vedrana dolazi do lifta na Drugi kat i namjerom na Prvi kat
Dec 16, 2020 4:26:43 PM hr.pb.fer.srsv.lift.Putnik run
INFO: Putnik/ca Vedrana ulazi u lift
Dec 16, 2020 4:26:54 PM hr.pb.fer.srsv.lift.Putnik run
INFO: Putnik/ca Vedrana izlazi iz lifta na Prvi kat
Dec 16, 2020 4:26:54 PM hr.pb.fer.srsv.lift.Putnik run
INFO: Zavrsava se dretva za putnika/cu Vedrana
Dec 16, 2020 4:26:59 PM hr.pb.fer.srsv.lift.Putnik <init>
INFO: Logger za putnika/cu: Valentina, sa id-jem: 55ba130b-21a3-4cec-91c8-e4dbf9c4322b je inicijaliziran
Dec 16, 2020 4:26:59 PM hr.pb.fer.srsv.lift.Putnik run
INFO: Putnik/ca Valentina dolazi do lifta na Drugi kat i namjerom na Cetvrti kat
