Dec 16, 2020 4:16:44 PM hr.pb.fer.srsv.lift.Putnik <init>
INFO: Logger za putnika/cu: Viktor, sa id-jem: c764161a-86ed-4ad4-8c50-b2970b435dec je inicijaliziran
Dec 16, 2020 4:16:44 PM hr.pb.fer.srsv.lift.Putnik run
INFO: Putnik/ca Viktor dolazi do lifta na Drugi kat i namjerom na Prvi kat
Dec 16, 2020 4:16:52 PM hr.pb.fer.srsv.lift.Putnik run
INFO: Putnik/ca Viktor ulazi u lift
Dec 16, 2020 4:17:03 PM hr.pb.fer.srsv.lift.Putnik run
INFO: Putnik/ca Viktor izlazi iz lifta na Prvi kat
Dec 16, 2020 4:17:03 PM hr.pb.fer.srsv.lift.Putnik run
INFO: Zavrsava se dretva za putnika/cu Viktor
Dec 16, 2020 4:17:04 PM hr.pb.fer.srsv.lift.Putnik <init>
INFO: Logger za putnika/cu: Nikola, sa id-jem: 40432db2-ce50-42b4-b5d0-19bc8dea0d92 je inicijaliziran
Dec 16, 2020 4:17:04 PM hr.pb.fer.srsv.lift.Putnik run
INFO: Putnik/ca Nikola dolazi do lifta na Cetvrti kat i namjerom na Treci kat
Dec 16, 2020 4:17:26 PM hr.pb.fer.srsv.lift.Putnik run
INFO: Putnik/ca Nikola ulazi u lift
Dec 16, 2020 4:17:38 PM hr.pb.fer.srsv.lift.Putnik run
INFO: Putnik/ca Nikola izlazi iz lifta na Treci kat
Dec 16, 2020 4:17:38 PM hr.pb.fer.srsv.lift.Putnik run
INFO: Zavrsava se dretva za putnika/cu Nikola
Dec 16, 2020 4:17:43 PM hr.pb.fer.srsv.lift.Putnik <init>
INFO: Logger za putnika/cu: Nikola, sa id-jem: 4af3c920-6496-46c0-833e-5db2cd17fd4c je inicijaliziran
Dec 16, 2020 4:17:43 PM hr.pb.fer.srsv.lift.Putnik run
INFO: Putnik/ca Nikola dolazi do lifta na Cetvrti kat i namjerom na Prvi kat
Dec 16, 2020 4:17:51 PM hr.pb.fer.srsv.lift.Putnik run
INFO: Putnik/ca Nikola ulazi u lift
Dec 16, 2020 4:18:14 PM hr.pb.fer.srsv.lift.Putnik run
INFO: Putnik/ca Nikola izlazi iz lifta na Prvi kat
Dec 16, 2020 4:18:14 PM hr.pb.fer.srsv.lift.Putnik run
INFO: Zavrsava se dretva za putnika/cu Nikola
Dec 16, 2020 4:18:19 PM hr.pb.fer.srsv.lift.Putnik <init>
INFO: Logger za putnika/cu: Matija, sa id-jem: 58ac47aa-763d-462b-9a26-2550488e66b9 je inicijaliziran
Dec 16, 2020 4:18:19 PM hr.pb.fer.srsv.lift.Putnik run
INFO: Putnik/ca Matija dolazi do lifta na Drugi kat i namjerom na Prvi kat
Dec 16, 2020 4:18:27 PM hr.pb.fer.srsv.lift.Putnik run
INFO: Putnik/ca Matija ulazi u lift
Dec 16, 2020 4:18:37 PM hr.pb.fer.srsv.lift.Putnik run
INFO: Putnik/ca Matija izlazi iz lifta na Prvi kat
Dec 16, 2020 4:18:37 PM hr.pb.fer.srsv.lift.Putnik run
INFO: Zavrsava se dretva za putnika/cu Matija
Dec 16, 2020 4:18:42 PM hr.pb.fer.srsv.lift.Putnik <init>
INFO: Logger za putnika/cu: Luka, sa id-jem: fe463f62-6a61-4d14-87e1-3675aae6c9ca je inicijaliziran
Dec 16, 2020 4:18:42 PM hr.pb.fer.srsv.lift.Putnik run
INFO: Putnik/ca Luka dolazi do lifta na Treci kat i namjerom na Cetvrti kat
