Dec 16, 2020 3:45:08 PM hr.pb.fer.srsv.lift.Putnik <init>
INFO: Logger za putnika/cu: Tihomir, sa id-jem: f8711365-a365-4b69-a090-0acc1985f6f8 je inicijaliziran
Dec 16, 2020 3:45:08 PM hr.pb.fer.srsv.lift.Putnik run
INFO: Putnik/ca Tihomir dolazi do lifta na Prvi kat i namjerom na Treci kat
Dec 16, 2020 3:45:09 PM hr.pb.fer.srsv.lift.Putnik run
INFO: Putnik/ca Tihomir ulazi u lift
Dec 16, 2020 3:45:26 PM hr.pb.fer.srsv.lift.Putnik run
INFO: Putnik/ca Tihomir izlazi iz lifta na Treci kat
Dec 16, 2020 3:45:26 PM hr.pb.fer.srsv.lift.Putnik run
INFO: Zavrsava se dretva za putnika/cu Tihomir
Dec 16, 2020 3:45:27 PM hr.pb.fer.srsv.lift.Putnik <init>
INFO: Logger za putnika/cu: Vlasta, sa id-jem: 91713d39-4b9f-4c54-88bd-587f5f813419 je inicijaliziran
Dec 16, 2020 3:45:27 PM hr.pb.fer.srsv.lift.Putnik run
INFO: Putnik/ca Vlasta dolazi do lifta na Drugi kat i namjerom na Treci kat
Dec 16, 2020 3:45:48 PM hr.pb.fer.srsv.lift.Putnik run
INFO: Putnik/ca Vlasta ulazi u lift
Dec 16, 2020 3:46:00 PM hr.pb.fer.srsv.lift.Putnik run
INFO: Putnik/ca Vlasta izlazi iz lifta na Treci kat
Dec 16, 2020 3:46:00 PM hr.pb.fer.srsv.lift.Putnik run
INFO: Zavrsava se dretva za putnika/cu Vlasta
Dec 16, 2020 3:46:02 PM hr.pb.fer.srsv.lift.Putnik <init>
INFO: Logger za putnika/cu: Hrvoje, sa id-jem: 3b60f8ff-eef3-482d-9ccf-57747e55e810 je inicijaliziran
Dec 16, 2020 3:46:02 PM hr.pb.fer.srsv.lift.Putnik run
INFO: Putnik/ca Hrvoje dolazi do lifta na Cetvrti kat i namjerom na Treci kat
Dec 16, 2020 3:46:12 PM hr.pb.fer.srsv.lift.Putnik run
INFO: Putnik/ca Hrvoje ulazi u lift
Dec 16, 2020 3:46:23 PM hr.pb.fer.srsv.lift.Putnik run
INFO: Putnik/ca Hrvoje izlazi iz lifta na Treci kat
Dec 16, 2020 3:46:23 PM hr.pb.fer.srsv.lift.Putnik run
INFO: Zavrsava se dretva za putnika/cu Hrvoje
Dec 16, 2020 3:46:24 PM hr.pb.fer.srsv.lift.Putnik <init>
INFO: Logger za putnika/cu: Filipa, sa id-jem: 164e93d1-86ea-4c56-a783-b2fc3d6dfcb5 je inicijaliziran
Dec 16, 2020 3:46:24 PM hr.pb.fer.srsv.lift.Putnik run
INFO: Putnik/ca Filipa dolazi do lifta na Treci kat i namjerom na Prvi kat
Dec 16, 2020 3:46:24 PM hr.pb.fer.srsv.lift.Putnik run
INFO: Putnik/ca Filipa ulazi u lift
Dec 16, 2020 3:46:41 PM hr.pb.fer.srsv.lift.Putnik run
INFO: Putnik/ca Filipa izlazi iz lifta na Prvi kat
Dec 16, 2020 3:46:41 PM hr.pb.fer.srsv.lift.Putnik run
INFO: Zavrsava se dretva za putnika/cu Filipa
Dec 16, 2020 3:46:43 PM hr.pb.fer.srsv.lift.Putnik <init>
INFO: Logger za putnika/cu: Emanuel, sa id-jem: fdc05b95-52db-4c97-b72b-2cb8bfab0014 je inicijaliziran
Dec 16, 2020 3:46:43 PM hr.pb.fer.srsv.lift.Putnik run
INFO: Putnik/ca Emanuel dolazi do lifta na Drugi kat i namjerom na Cetvrti kat
