Dec 16, 2020 4:12:57 PM hr.pb.fer.srsv.lift.Putnik <init>
INFO: Logger za putnika/cu: Vedran, sa id-jem: 9c826830-94ef-4978-a529-9b534030ce95 je inicijaliziran
Dec 16, 2020 4:12:57 PM hr.pb.fer.srsv.lift.Putnik run
INFO: Putnik/ca Vedran dolazi do lifta na Treci kat i namjerom na Prvi kat
Dec 16, 2020 4:13:04 PM hr.pb.fer.srsv.lift.Putnik run
INFO: Putnik/ca Vedran ulazi u lift
Dec 16, 2020 4:13:21 PM hr.pb.fer.srsv.lift.Putnik run
INFO: Putnik/ca Vedran izlazi iz lifta na Prvi kat
Dec 16, 2020 4:13:21 PM hr.pb.fer.srsv.lift.Putnik run
INFO: Zavrsava se dretva za putnika/cu Vedran
Dec 16, 2020 4:13:26 PM hr.pb.fer.srsv.lift.Putnik <init>
INFO: Logger za putnika/cu: Filipa, sa id-jem: f6ad13cb-8459-4a59-ae2f-1a6de75e7e1c je inicijaliziran
Dec 16, 2020 4:13:26 PM hr.pb.fer.srsv.lift.Putnik run
INFO: Putnik/ca Filipa dolazi do lifta na Prvi kat i namjerom na Cetvrti kat
Dec 16, 2020 4:13:27 PM hr.pb.fer.srsv.lift.Putnik run
INFO: Putnik/ca Filipa ulazi u lift
Dec 16, 2020 4:13:50 PM hr.pb.fer.srsv.lift.Putnik run
INFO: Putnik/ca Filipa izlazi iz lifta na Cetvrti kat
Dec 16, 2020 4:13:50 PM hr.pb.fer.srsv.lift.Putnik run
INFO: Zavrsava se dretva za putnika/cu Filipa
Dec 16, 2020 4:13:53 PM hr.pb.fer.srsv.lift.Putnik <init>
INFO: Logger za putnika/cu: Tomislav, sa id-jem: 04537f93-2976-469a-9c9a-3e733ef22124 je inicijaliziran
Dec 16, 2020 4:13:53 PM hr.pb.fer.srsv.lift.Putnik run
INFO: Putnik/ca Tomislav dolazi do lifta na Treci kat i namjerom na Drugi kat
Dec 16, 2020 4:14:02 PM hr.pb.fer.srsv.lift.Putnik run
INFO: Putnik/ca Tomislav ulazi u lift
Dec 16, 2020 4:14:13 PM hr.pb.fer.srsv.lift.Putnik run
INFO: Putnik/ca Tomislav izlazi iz lifta na Drugi kat
Dec 16, 2020 4:14:13 PM hr.pb.fer.srsv.lift.Putnik run
INFO: Zavrsava se dretva za putnika/cu Tomislav
Dec 16, 2020 4:14:17 PM hr.pb.fer.srsv.lift.Putnik <init>
INFO: Logger za putnika/cu: Valentina, sa id-jem: 878b5823-5cc0-4151-b4cd-bd2fe961058c je inicijaliziran
Dec 16, 2020 4:14:17 PM hr.pb.fer.srsv.lift.Putnik run
INFO: Putnik/ca Valentina dolazi do lifta na Treci kat i namjerom na Prvi kat
