Dec 16, 2020 4:15:25 PM hr.pb.fer.srsv.lift.Putnik <init>
INFO: Logger za putnika/cu: Kristijan, sa id-jem: 2d29556c-fb3e-4e48-8fe4-103c11c88edc je inicijaliziran
Dec 16, 2020 4:15:25 PM hr.pb.fer.srsv.lift.Putnik run
INFO: Putnik/ca Kristijan dolazi do lifta na Treci kat i namjerom na Prvi kat
Dec 16, 2020 4:15:33 PM hr.pb.fer.srsv.lift.Putnik run
INFO: Putnik/ca Kristijan ulazi u lift
Dec 16, 2020 4:15:50 PM hr.pb.fer.srsv.lift.Putnik run
INFO: Putnik/ca Kristijan izlazi iz lifta na Prvi kat
Dec 16, 2020 4:15:50 PM hr.pb.fer.srsv.lift.Putnik run
INFO: Zavrsava se dretva za putnika/cu Kristijan
Dec 16, 2020 4:15:53 PM hr.pb.fer.srsv.lift.Putnik <init>
INFO: Logger za putnika/cu: Tomislav, sa id-jem: 9daa4ecd-58e4-428f-a8cc-668b2617438c je inicijaliziran
Dec 16, 2020 4:15:53 PM hr.pb.fer.srsv.lift.Putnik run
INFO: Putnik/ca Tomislav dolazi do lifta na Treci kat i namjerom na Cetvrti kat
Dec 16, 2020 4:16:08 PM hr.pb.fer.srsv.lift.Putnik run
INFO: Putnik/ca Tomislav ulazi u lift
Dec 16, 2020 4:16:19 PM hr.pb.fer.srsv.lift.Putnik run
INFO: Putnik/ca Tomislav izlazi iz lifta na Cetvrti kat
Dec 16, 2020 4:16:19 PM hr.pb.fer.srsv.lift.Putnik run
INFO: Zavrsava se dretva za putnika/cu Tomislav
Dec 16, 2020 4:16:20 PM hr.pb.fer.srsv.lift.Putnik <init>
INFO: Logger za putnika/cu: Davor, sa id-jem: a67b8ff4-0dbb-4d12-b09b-327c5f1ca7d6 je inicijaliziran
Dec 16, 2020 4:16:20 PM hr.pb.fer.srsv.lift.Putnik run
INFO: Putnik/ca Davor dolazi do lifta na Treci kat i namjerom na Drugi kat
Dec 16, 2020 4:16:30 PM hr.pb.fer.srsv.lift.Putnik run
INFO: Putnik/ca Davor ulazi u lift
