Oct 20, 2020 3:18:22 PM hr.pb.fer.srsv.helper.PrikaznikRaskrizja run
INFO:               (sjever)

              | | |
              | | | 
              | | |  
           ---+ | +---
                      
(zapad)    ---     ---    (istok)
                      
           ---+ | +---
              | | |  
              | | | 
              | | |
           
              (jug)

Oct 20, 2020 3:18:24 PM hr.pb.fer.srsv.helper.PrikaznikRaskrizja run
INFO:               (sjever)

              | | |
              | | | 
              | | |  
           ---+ | +---
                      
(zapad)    ---     ---    (istok)
                      
           ---+ | +---
              | | |  
              | | | 
              | | |
           
              (jug)

Oct 20, 2020 3:18:26 PM hr.pb.fer.srsv.helper.PrikaznikRaskrizja run
INFO:               (sjever)

              | | |
              | | | 
              | | |  
           ---+ | +---
                      
(zapad)    ---     ---    (istok)
                      
           ---+ | +---
              | | |  
              | | | 
              | | |
           
              (jug)

Oct 20, 2020 3:18:28 PM hr.pb.fer.srsv.helper.PrikaznikRaskrizja run
INFO:               (sjever)

              | | |
              | | | 
              | | |  
           ---+ | +---
                      
(zapad)    ---     ---    (istok)
                      
           ---+ | +---
              | | |  
              | | | 
              | | |
           
              (jug)

Oct 20, 2020 3:18:30 PM hr.pb.fer.srsv.helper.PrikaznikRaskrizja run
INFO:               (sjever)

              | | |
              | | | 
              | | |  
           ---+ | +---
                      
(zapad)    ---     ---    (istok)
                      
           ---+ | +---
              | | |  
              | | | 
              | | |
           
              (jug)

Oct 20, 2020 3:18:32 PM hr.pb.fer.srsv.helper.PrikaznikRaskrizja run
INFO:               (sjever)

              | | |
              | | | 
              | | |  
           ---+ | +---
                      
(zapad)    ---     ---    (istok)
                      
           ---+ | +---
              | | |  
              | | | 
              | | |
           
              (jug)

Oct 20, 2020 3:18:34 PM hr.pb.fer.srsv.helper.PrikaznikRaskrizja run
INFO:               (sjever)

              | | |
              | | | 
              | | |  
           ---+ | +---
                      
(zapad)    ---     ---    (istok)
                      
           ---+ | +---
              | | |  
              | | | 
              | | |
           
              (jug)

Oct 20, 2020 3:18:35 PM hr.pb.fer.srsv.helper.PrikaznikRaskrizja run
INFO:               (sjever)

              | | |
              | | | 
              | | |  
           ---+ | +---
                      
(zapad)    ---     ---    (istok)
                      
           ---+ | +---
              | | |  
              | | | 
              | | |
           
              (jug)

Oct 20, 2020 3:18:37 PM hr.pb.fer.srsv.helper.PrikaznikRaskrizja run
INFO:               (sjever)

              | | |
              | | | 
              | | |  
           ---+ | +---
                      
(zapad)    ---     ---    (istok)
                      
           ---+ | +---
              | | |  
              | | | 
              | | |
           
              (jug)

Oct 20, 2020 3:18:39 PM hr.pb.fer.srsv.helper.PrikaznikRaskrizja run
INFO:               (sjever)

              | | |
              | | | 
              | | |  
           ---+ | +---
                      
(zapad)    ---     ---    (istok)
                      
           ---+ | +---
              | | |  
              | | | 
              | | |
           
              (jug)

Oct 20, 2020 3:18:41 PM hr.pb.fer.srsv.helper.PrikaznikRaskrizja run
INFO:               (sjever)

              |A|A|
             p|A|A|p
              |A|A|  
           ---+A|A+---
             p A A p A
(zapad)    --- A A ---    (istok)
           A p A A p  
           ---+A|A+---
              |A|A|  
             p|A|A|p
              |A|A|
           
              (jug)

Oct 20, 2020 3:18:43 PM hr.pb.fer.srsv.helper.PrikaznikRaskrizja run
INFO:               (sjever)

              | | |
             p| | |p
              | | |  
           ---+ | +---
             p     p A
(zapad)    ---     ---    (istok)
           A p     p  
           ---+ | +---
              | | |  
             p| | |p
              | | |
           
              (jug)

Oct 20, 2020 3:18:45 PM hr.pb.fer.srsv.helper.PrikaznikRaskrizja run
INFO:               (sjever)

              | | |
             p| | |p
              | | |  
           ---+ | +---
             p     p A
(zapad)    ---     ---    (istok)
           A p     p  
           ---+ | +---
              | | |  
             p| | |p
              | | |
           
              (jug)

Oct 20, 2020 3:18:47 PM hr.pb.fer.srsv.helper.PrikaznikRaskrizja run
INFO:               (sjever)

              | | |
             p| | |p
              | | |  
           ---+ | +---
                     A
(zapad)    ---     ---    (istok)
           A          
           ---+ | +---
              | | |  
             p| | |p
              | | |
           
              (jug)

Oct 20, 2020 3:18:49 PM hr.pb.fer.srsv.helper.PrikaznikRaskrizja run
INFO:               (sjever)

              | | |
             p| | |p
              | | |  
           ---+ | +---
                     A
(zapad)    ---     ---    (istok)
           A          
           ---+ | +---
              | | |  
             p| | |p
              | | |
           
              (jug)

Oct 20, 2020 3:18:51 PM hr.pb.fer.srsv.helper.PrikaznikRaskrizja run
INFO:               (sjever)

              | | |
             p| | |p
              | | |  
           ---+ | +---
                     A
(zapad)    ---     ---    (istok)
           A          
           ---+ | +---
              | | |  
             p| | |p
              | | |
           
              (jug)

Oct 20, 2020 3:18:53 PM hr.pb.fer.srsv.helper.PrikaznikRaskrizja run
INFO:               (sjever)

              | | |
             p| | |p
              | | |  
           ---+ | +---
                     A
(zapad)    ---     ---    (istok)
           A          
           ---+ | +---
              | | |  
             p| | |p
              | | |
           
              (jug)

Oct 20, 2020 3:18:55 PM hr.pb.fer.srsv.helper.PrikaznikRaskrizja run
INFO:               (sjever)

              | | |
             p| | |p
              | | |  
           ---+ | +---
                     A
(zapad)    ---     ---    (istok)
           A          
           ---+ | +---
              | | |  
             p| | |p
              | | |
           
              (jug)

Oct 20, 2020 3:18:57 PM hr.pb.fer.srsv.helper.PrikaznikRaskrizja run
INFO:               (sjever)

              | | |
             p| | |p
              | | |  
           ---+ | +---
                     A
(zapad)    ---     ---    (istok)
           A          
           ---+ | +---
              | | |  
             p| | |p
              | | |
           
              (jug)

Oct 20, 2020 3:18:59 PM hr.pb.fer.srsv.helper.PrikaznikRaskrizja run
INFO:               (sjever)

              | | |
             p| | |p
              | | |  
           ---+ | +---
                     A
(zapad)    ---     ---    (istok)
           A          
           ---+ | +---
              | | |  
             p| | |p
              | | |
           
              (jug)

Oct 20, 2020 3:19:01 PM hr.pb.fer.srsv.helper.PrikaznikRaskrizja run
INFO:               (sjever)

              | | |
             p| | |p
              | | |  
           ---+ | +---
                     A
(zapad)    ---     ---    (istok)
           A          
           ---+ | +---
              | | |  
             p| | |p
              | | |
           
              (jug)

Oct 20, 2020 3:19:03 PM hr.pb.fer.srsv.helper.PrikaznikRaskrizja run
INFO:               (sjever)

              | | |
              | | | 
              |p|p|  
           ---+ | +---
           AAAAAAAAAAA
(zapad)    ---     ---    (istok)
           AAAAAAAAAAA
           ---+ | +---
              |p|p|  
              | | | 
              | | |
           
              (jug)

Oct 20, 2020 3:19:05 PM hr.pb.fer.srsv.helper.PrikaznikRaskrizja run
INFO:               (sjever)

              | | |
              | | | 
              |p|p|  
           ---+ | +---
                      
(zapad)    ---     ---    (istok)
                      
           ---+ | +---
              |p|p|  
              | | | 
              | | |
           
              (jug)

Oct 20, 2020 3:19:07 PM hr.pb.fer.srsv.helper.PrikaznikRaskrizja run
INFO:               (sjever)

              | | |
              | | | 
              |p|p|  
           ---+ | +---
                      
(zapad)    ---     ---    (istok)
                      
           ---+ | +---
              |p|p|  
              | | | 
              | | |
           
              (jug)

Oct 20, 2020 3:19:09 PM hr.pb.fer.srsv.helper.PrikaznikRaskrizja run
INFO:               (sjever)

              | | |
              | | | 
              | | |  
           ---+ | +---
                      
(zapad)    ---     ---    (istok)
                      
           ---+ | +---
              | | |  
              | | | 
              | | |
           
              (jug)

Oct 20, 2020 3:19:10 PM hr.pb.fer.srsv.helper.PrikaznikRaskrizja run
INFO:               (sjever)

              | | |
              | | | 
              | | |  
           ---+ | +---
                      
(zapad)    ---     ---    (istok)
                      
           ---+ | +---
              | | |  
              | | | 
              | | |
           
              (jug)

Oct 20, 2020 3:19:12 PM hr.pb.fer.srsv.helper.PrikaznikRaskrizja run
INFO:               (sjever)

              | | |
              | | | 
              | | |  
           ---+ | +---
                      
(zapad)    ---     ---    (istok)
                      
           ---+ | +---
              | | |  
              | | | 
              | | |
           
              (jug)

Oct 20, 2020 3:19:14 PM hr.pb.fer.srsv.helper.PrikaznikRaskrizja run
INFO:               (sjever)

              | | |
              | | | 
              | | |  
           ---+ | +---
                      
(zapad)    ---     ---    (istok)
                      
           ---+ | +---
              | | |  
              | | | 
              | | |
           
              (jug)

Oct 20, 2020 3:19:16 PM hr.pb.fer.srsv.helper.PrikaznikRaskrizja run
INFO:               (sjever)

              | | |
              | | | 
              | | |  
           ---+ | +---
                      
(zapad)    ---     ---    (istok)
                      
           ---+ | +---
              | | |  
              | | | 
              | | |
           
              (jug)

Oct 20, 2020 3:19:18 PM hr.pb.fer.srsv.helper.PrikaznikRaskrizja run
INFO:               (sjever)

              | | |
              | | | 
              | | |  
           ---+ | +---
                      
(zapad)    ---     ---    (istok)
                      
           ---+ | +---
              | | |  
              | | | 
              | | |
           
              (jug)

Oct 20, 2020 3:19:20 PM hr.pb.fer.srsv.helper.PrikaznikRaskrizja run
INFO:               (sjever)

              | | |
              | | | 
              | | |  
           ---+ | +---
                      
(zapad)    ---     ---    (istok)
                      
           ---+ | +---
              | | |  
              | | | 
              | | |
           
              (jug)

Oct 20, 2020 3:19:22 PM hr.pb.fer.srsv.helper.PrikaznikRaskrizja run
INFO:               (sjever)

              | | |
              | | | 
              | | |  
           ---+ | +---
                      
(zapad)    ---     ---    (istok)
                      
           ---+ | +---
              | | |  
              | | | 
              | | |
           
              (jug)

Oct 20, 2020 3:19:24 PM hr.pb.fer.srsv.helper.PrikaznikRaskrizja run
INFO:               (sjever)

              | | |
              | | | 
              | | |  
           ---+ | +---
                      
(zapad)    ---     ---    (istok)
                      
           ---+ | +---
              | | |  
              | | | 
              | | |
           
              (jug)

Oct 20, 2020 3:19:26 PM hr.pb.fer.srsv.helper.PrikaznikRaskrizja run
INFO:               (sjever)

              | | |
              | | | 
              | | |  
           ---+ | +---
                      
(zapad)    ---     ---    (istok)
                      
           ---+ | +---
              | | |  
              | | | 
              | | |
           
              (jug)

Oct 20, 2020 3:19:28 PM hr.pb.fer.srsv.helper.PrikaznikRaskrizja run
INFO:               (sjever)

              | | |
              | | | 
              | | |  
           ---+ | +---
                      
(zapad)    ---     ---    (istok)
                      
           ---+ | +---
              | | |  
              | | | 
              | | |
           
              (jug)

Oct 20, 2020 3:19:30 PM hr.pb.fer.srsv.helper.PrikaznikRaskrizja run
INFO:               (sjever)

              | | |
              | | | 
              | | |  
           ---+ | +---
                      
(zapad)    ---     ---    (istok)
                      
           ---+ | +---
              | | |  
              | | | 
              | | |
           
              (jug)

Oct 20, 2020 3:19:32 PM hr.pb.fer.srsv.helper.PrikaznikRaskrizja run
INFO:               (sjever)

              | | |
              | | | 
              | | |  
           ---+ | +---
                      
(zapad)    ---     ---    (istok)
                      
           ---+ | +---
              | | |  
              | | | 
              | | |
           
              (jug)

Oct 20, 2020 3:19:34 PM hr.pb.fer.srsv.helper.PrikaznikRaskrizja run
INFO:               (sjever)

              | | |
              | | | 
              | | |  
           ---+ | +---
                      
(zapad)    ---     ---    (istok)
                      
           ---+ | +---
              | | |  
              | | | 
              | | |
           
              (jug)

Oct 20, 2020 3:19:36 PM hr.pb.fer.srsv.helper.PrikaznikRaskrizja run
INFO:               (sjever)

              | | |
              | | | 
              | | |  
           ---+ | +---
                      
(zapad)    ---     ---    (istok)
                      
           ---+ | +---
              | | |  
              | | | 
              | | |
           
              (jug)

Oct 20, 2020 3:19:38 PM hr.pb.fer.srsv.helper.PrikaznikRaskrizja run
INFO:               (sjever)

              | | |
              | | | 
              | | |  
           ---+ | +---
                      
(zapad)    ---     ---    (istok)
                      
           ---+ | +---
              | | |  
              | | | 
              | | |
           
              (jug)

Oct 20, 2020 3:19:40 PM hr.pb.fer.srsv.helper.PrikaznikRaskrizja run
INFO:               (sjever)

              | | |
              | | | 
              | | |  
           ---+ | +---
                      
(zapad)    ---     ---    (istok)
                      
           ---+ | +---
              | | |  
              | | | 
              | | |
           
              (jug)

Oct 20, 2020 3:19:42 PM hr.pb.fer.srsv.helper.PrikaznikRaskrizja run
INFO:               (sjever)

              | | |
              | | | 
              | | |  
           ---+ | +---
                      
(zapad)    ---     ---    (istok)
                      
           ---+ | +---
              | | |  
              | | | 
              | | |
           
              (jug)

Oct 20, 2020 3:19:44 PM hr.pb.fer.srsv.helper.PrikaznikRaskrizja run
INFO:               (sjever)

              | | |
              | | | 
              | | |  
           ---+ | +---
                      
(zapad)    ---     ---    (istok)
                      
           ---+ | +---
              | | |  
              | | | 
              | | |
           
              (jug)

