Oct 20, 2020 3:18:40 PM hr.pb.fer.srsv.helper.Vozilo run
INFO: Vozilo: 9ba7ccb0-246f-4503-b086-2a3ba095d4e6 je došlo do raskrižja, te upravljačko računalo evidentira dolazak vozila za pravac sjever-jug
Oct 20, 2020 3:18:40 PM hr.pb.fer.srsv.helper.Vozilo run
INFO: Vozilo: d842d052-ea37-4973-9949-d090b51fa039 je došlo do raskrižja, te upravljačko računalo evidentira dolazak vozila za pravac sjever-jug
Oct 20, 2020 3:18:40 PM hr.pb.fer.srsv.helper.Vozilo run
INFO: Vozilo: 22b03342-cc31-450f-84b8-0f3759441ad3 je došlo do raskrižja, te upravljačko računalo evidentira dolazak vozila za pravac zapad-istok
Oct 20, 2020 3:18:40 PM hr.pb.fer.srsv.helper.Vozilo run
INFO: Vozilo: b5068c03-6445-4aef-8545-38b8821c1bec je došlo do raskrižja, te upravljačko računalo evidentira dolazak vozila za pravac zapad-istok
Oct 20, 2020 3:18:40 PM hr.pb.fer.srsv.helper.Vozilo run
INFO: Vozilo: 9ba7ccb0-246f-4503-b086-2a3ba095d4e6 je krenulo sa semafora SA1 prema raskrizju u smjeru juga
Oct 20, 2020 3:18:40 PM hr.pb.fer.srsv.helper.Vozilo run
INFO: Vozilo: d842d052-ea37-4973-9949-d090b51fa039 je krenulo sa semafora SA3 prema raskrizju u smjeru sjever
Oct 20, 2020 3:18:41 PM hr.pb.fer.srsv.helper.Vozilo run
INFO: Vozilo: b5068c03-6445-4aef-8545-38b8821c1bec čekalo je za slijedeću provjeru semafora 1500 milisekundi
Oct 20, 2020 3:18:41 PM hr.pb.fer.srsv.helper.Vozilo run
INFO: Vozilo: 22b03342-cc31-450f-84b8-0f3759441ad3 čekalo je za slijedeću provjeru semafora 1503 milisekundi
Oct 20, 2020 3:18:42 PM hr.pb.fer.srsv.helper.Vozilo run
INFO: Vozilo: 9ba7ccb0-246f-4503-b086-2a3ba095d4e6 je prošlo raskrižje u vremenu od 2003 miliseconds
Oct 20, 2020 3:18:42 PM hr.pb.fer.srsv.helper.Vozilo run
INFO: Vozilo: d842d052-ea37-4973-9949-d090b51fa039 je prošlo raskrižje u vremenu od 2002 miliseconds
Oct 20, 2020 3:18:43 PM hr.pb.fer.srsv.helper.Vozilo run
INFO: Vozilo: b5068c03-6445-4aef-8545-38b8821c1bec čekalo je za slijedeću provjeru semafora 1499 milisekundi
Oct 20, 2020 3:18:43 PM hr.pb.fer.srsv.helper.Vozilo run
INFO: Vozilo: 22b03342-cc31-450f-84b8-0f3759441ad3 čekalo je za slijedeću provjeru semafora 1503 milisekundi
Oct 20, 2020 3:18:44 PM hr.pb.fer.srsv.helper.Vozilo run
INFO: Vozilo: b5068c03-6445-4aef-8545-38b8821c1bec čekalo je za slijedeću provjeru semafora 1500 milisekundi
Oct 20, 2020 3:18:44 PM hr.pb.fer.srsv.helper.Vozilo run
INFO: Vozilo: 22b03342-cc31-450f-84b8-0f3759441ad3 čekalo je za slijedeću provjeru semafora 1502 milisekundi
Oct 20, 2020 3:18:46 PM hr.pb.fer.srsv.helper.Vozilo run
INFO: Vozilo: b5068c03-6445-4aef-8545-38b8821c1bec čekalo je za slijedeću provjeru semafora 1502 milisekundi
Oct 20, 2020 3:18:46 PM hr.pb.fer.srsv.helper.Vozilo run
INFO: Vozilo: 22b03342-cc31-450f-84b8-0f3759441ad3 čekalo je za slijedeću provjeru semafora 1501 milisekundi
Oct 20, 2020 3:18:47 PM hr.pb.fer.srsv.helper.Vozilo run
INFO: Vozilo: b5068c03-6445-4aef-8545-38b8821c1bec čekalo je za slijedeću provjeru semafora 1501 milisekundi
Oct 20, 2020 3:18:47 PM hr.pb.fer.srsv.helper.Vozilo run
INFO: Vozilo: 22b03342-cc31-450f-84b8-0f3759441ad3 čekalo je za slijedeću provjeru semafora 1499 milisekundi
Oct 20, 2020 3:18:49 PM hr.pb.fer.srsv.helper.Vozilo run
INFO: Vozilo: b5068c03-6445-4aef-8545-38b8821c1bec čekalo je za slijedeću provjeru semafora 1499 milisekundi
Oct 20, 2020 3:18:49 PM hr.pb.fer.srsv.helper.Vozilo run
INFO: Vozilo: 22b03342-cc31-450f-84b8-0f3759441ad3 čekalo je za slijedeću provjeru semafora 1501 milisekundi
Oct 20, 2020 3:18:50 PM hr.pb.fer.srsv.helper.Vozilo run
INFO: Vozilo: b5068c03-6445-4aef-8545-38b8821c1bec čekalo je za slijedeću provjeru semafora 1498 milisekundi
Oct 20, 2020 3:18:50 PM hr.pb.fer.srsv.helper.Vozilo run
INFO: Vozilo: 22b03342-cc31-450f-84b8-0f3759441ad3 čekalo je za slijedeću provjeru semafora 1502 milisekundi
Oct 20, 2020 3:18:52 PM hr.pb.fer.srsv.helper.Vozilo run
INFO: Vozilo: b5068c03-6445-4aef-8545-38b8821c1bec čekalo je za slijedeću provjeru semafora 1502 milisekundi
Oct 20, 2020 3:18:52 PM hr.pb.fer.srsv.helper.Vozilo run
INFO: Vozilo: 22b03342-cc31-450f-84b8-0f3759441ad3 čekalo je za slijedeću provjeru semafora 1500 milisekundi
Oct 20, 2020 3:18:53 PM hr.pb.fer.srsv.helper.Vozilo run
INFO: Vozilo: b5068c03-6445-4aef-8545-38b8821c1bec čekalo je za slijedeću provjeru semafora 1503 milisekundi
Oct 20, 2020 3:18:53 PM hr.pb.fer.srsv.helper.Vozilo run
INFO: Vozilo: 22b03342-cc31-450f-84b8-0f3759441ad3 čekalo je za slijedeću provjeru semafora 1503 milisekundi
Oct 20, 2020 3:18:55 PM hr.pb.fer.srsv.helper.Vozilo run
INFO: Vozilo: b5068c03-6445-4aef-8545-38b8821c1bec čekalo je za slijedeću provjeru semafora 1503 milisekundi
Oct 20, 2020 3:18:55 PM hr.pb.fer.srsv.helper.Vozilo run
INFO: Vozilo: 22b03342-cc31-450f-84b8-0f3759441ad3 čekalo je za slijedeću provjeru semafora 1498 milisekundi
Oct 20, 2020 3:18:56 PM hr.pb.fer.srsv.helper.Vozilo run
INFO: Vozilo: b5068c03-6445-4aef-8545-38b8821c1bec čekalo je za slijedeću provjeru semafora 1503 milisekundi
Oct 20, 2020 3:18:56 PM hr.pb.fer.srsv.helper.Vozilo run
INFO: Vozilo: 22b03342-cc31-450f-84b8-0f3759441ad3 čekalo je za slijedeću provjeru semafora 1499 milisekundi
Oct 20, 2020 3:18:58 PM hr.pb.fer.srsv.helper.Vozilo run
INFO: Vozilo: 22b03342-cc31-450f-84b8-0f3759441ad3 čekalo je za slijedeću provjeru semafora 1499 milisekundi
Oct 20, 2020 3:18:58 PM hr.pb.fer.srsv.helper.Vozilo run
INFO: Vozilo: b5068c03-6445-4aef-8545-38b8821c1bec čekalo je za slijedeću provjeru semafora 1502 milisekundi
Oct 20, 2020 3:18:59 PM hr.pb.fer.srsv.helper.Vozilo run
INFO: Vozilo: 22b03342-cc31-450f-84b8-0f3759441ad3 čekalo je za slijedeću provjeru semafora 1501 milisekundi
Oct 20, 2020 3:18:59 PM hr.pb.fer.srsv.helper.Vozilo run
INFO: Vozilo: b5068c03-6445-4aef-8545-38b8821c1bec čekalo je za slijedeću provjeru semafora 1501 milisekundi
Oct 20, 2020 3:19:01 PM hr.pb.fer.srsv.helper.Vozilo run
INFO: Vozilo: b5068c03-6445-4aef-8545-38b8821c1bec čekalo je za slijedeću provjeru semafora 1501 milisekundi
Oct 20, 2020 3:19:01 PM hr.pb.fer.srsv.helper.Vozilo run
INFO: Vozilo: 22b03342-cc31-450f-84b8-0f3759441ad3 čekalo je za slijedeću provjeru semafora 1502 milisekundi
Oct 20, 2020 3:19:01 PM hr.pb.fer.srsv.helper.Vozilo run
INFO: Vozilo: b5068c03-6445-4aef-8545-38b8821c1bec je krenulo sa semafora SA4 prema raskrizju u smjeru istoka
Oct 20, 2020 3:19:01 PM hr.pb.fer.srsv.helper.Vozilo run
INFO: Vozilo: 22b03342-cc31-450f-84b8-0f3759441ad3 je krenulo sa semafora SA2 prema raskrizju u smjeru zapada
Oct 20, 2020 3:19:03 PM hr.pb.fer.srsv.helper.Vozilo run
INFO: Vozilo: b5068c03-6445-4aef-8545-38b8821c1bec je prošlo raskrižje u vremenu od 2003 miliseconds
Oct 20, 2020 3:19:03 PM hr.pb.fer.srsv.helper.Vozilo run
INFO: Vozilo: 22b03342-cc31-450f-84b8-0f3759441ad3 je prošlo raskrižje u vremenu od 2002 miliseconds
