Nov 01, 2020 1:54:02 PM hr.pb.fer.srsv.helper.Pjesak run
INFO: Pjesak: 1cc7d8db-02e5-422a-bbea-4a9d87fcc904 čekao je za slijedeću provjeru semafora 1503 milisekundi
Nov 01, 2020 1:54:04 PM hr.pb.fer.srsv.helper.Pjesak run
INFO: Pjesak: 1cc7d8db-02e5-422a-bbea-4a9d87fcc904 čekao je za slijedeću provjeru semafora 1503 milisekundi
Nov 01, 2020 1:54:05 PM hr.pb.fer.srsv.helper.Pjesak run
INFO: Pjesak: 1cc7d8db-02e5-422a-bbea-4a9d87fcc904 čekao je za slijedeću provjeru semafora 1502 milisekundi
Nov 01, 2020 1:54:06 PM hr.pb.fer.srsv.helper.Pjesak run
INFO: Pjesak: 11eabd70-fbb0-4c3e-a022-eca82ed3b76c je krenuo sa semafora SP4 prema raskrizju u smjeru juga
Nov 01, 2020 1:54:07 PM hr.pb.fer.srsv.helper.Pjesak run
INFO: Pjesak: 1cc7d8db-02e5-422a-bbea-4a9d87fcc904 čekao je za slijedeću provjeru semafora 1500 milisekundi
Nov 01, 2020 1:54:08 PM hr.pb.fer.srsv.helper.Pjesak run
INFO: Pjesak: 1cc7d8db-02e5-422a-bbea-4a9d87fcc904 čekao je za slijedeću provjeru semafora 1498 milisekundi
Nov 01, 2020 1:54:10 PM hr.pb.fer.srsv.helper.Pjesak run
INFO: Pjesak: 1cc7d8db-02e5-422a-bbea-4a9d87fcc904 čekao je za slijedeću provjeru semafora 1498 milisekundi
Nov 01, 2020 1:54:11 PM hr.pb.fer.srsv.helper.Pjesak run
INFO: Pjesak: 1cc7d8db-02e5-422a-bbea-4a9d87fcc904 čekao je za slijedeću provjeru semafora 1503 milisekundi
Nov 01, 2020 1:54:12 PM hr.pb.fer.srsv.helper.Pjesak run
INFO: Pjesak: 7cf0e390-38e6-46c3-8c0f-b9d48b3bffda čekao je za slijedeću provjeru semafora 1499 milisekundi
Nov 01, 2020 1:54:13 PM hr.pb.fer.srsv.helper.Pjesak run
INFO: Pjesak: 11eabd70-fbb0-4c3e-a022-eca82ed3b76c je prošao kroz raskrizje u vremenu od 7002 miliseknudi
Nov 01, 2020 1:54:13 PM hr.pb.fer.srsv.helper.Pjesak run
INFO: Pjesak: 1cc7d8db-02e5-422a-bbea-4a9d87fcc904 čekao je za slijedeću provjeru semafora 1499 milisekundi
Nov 01, 2020 1:54:14 PM hr.pb.fer.srsv.helper.Pjesak run
INFO: Pjesak: 7cf0e390-38e6-46c3-8c0f-b9d48b3bffda čekao je za slijedeću provjeru semafora 1499 milisekundi
Nov 01, 2020 1:54:14 PM hr.pb.fer.srsv.helper.Pjesak run
INFO: Pjesak: 1cc7d8db-02e5-422a-bbea-4a9d87fcc904 čekao je za slijedeću provjeru semafora 1498 milisekundi
Nov 01, 2020 1:54:15 PM hr.pb.fer.srsv.helper.Pjesak run
INFO: Pjesak: 7cf0e390-38e6-46c3-8c0f-b9d48b3bffda čekao je za slijedeću provjeru semafora 1500 milisekundi
Nov 01, 2020 1:54:16 PM hr.pb.fer.srsv.helper.Pjesak run
INFO: Pjesak: 1cc7d8db-02e5-422a-bbea-4a9d87fcc904 čekao je za slijedeću provjeru semafora 1501 milisekundi
Nov 01, 2020 1:54:16 PM hr.pb.fer.srsv.helper.Pjesak run
INFO: Pjesak: 998aa861-2145-4454-b02a-ec1b210470bb je krenuo sa semafora SP2 prema raskrizju u smjeru juga
Nov 01, 2020 1:54:17 PM hr.pb.fer.srsv.helper.Pjesak run
INFO: Pjesak: 7cf0e390-38e6-46c3-8c0f-b9d48b3bffda čekao je za slijedeću provjeru semafora 1502 milisekundi
Nov 01, 2020 1:54:17 PM hr.pb.fer.srsv.helper.Pjesak run
INFO: Pjesak: 1cc7d8db-02e5-422a-bbea-4a9d87fcc904 čekao je za slijedeću provjeru semafora 1503 milisekundi
Nov 01, 2020 1:54:18 PM hr.pb.fer.srsv.helper.Pjesak run
INFO: Pjesak: 7cf0e390-38e6-46c3-8c0f-b9d48b3bffda čekao je za slijedeću provjeru semafora 1502 milisekundi
Nov 01, 2020 1:54:19 PM hr.pb.fer.srsv.helper.Pjesak run
INFO: Pjesak: 1cc7d8db-02e5-422a-bbea-4a9d87fcc904 čekao je za slijedeću provjeru semafora 1498 milisekundi
Nov 01, 2020 1:54:20 PM hr.pb.fer.srsv.helper.Pjesak run
INFO: Pjesak: 7cf0e390-38e6-46c3-8c0f-b9d48b3bffda čekao je za slijedeću provjeru semafora 1503 milisekundi
Nov 01, 2020 1:54:20 PM hr.pb.fer.srsv.helper.Pjesak run
INFO: Pjesak: 1cc7d8db-02e5-422a-bbea-4a9d87fcc904 čekao je za slijedeću provjeru semafora 1498 milisekundi
Nov 01, 2020 1:54:21 PM hr.pb.fer.srsv.helper.Pjesak run
INFO: Pjesak: 7cf0e390-38e6-46c3-8c0f-b9d48b3bffda čekao je za slijedeću provjeru semafora 1499 milisekundi
Nov 01, 2020 1:54:22 PM hr.pb.fer.srsv.helper.Pjesak run
INFO: Pjesak: 1cc7d8db-02e5-422a-bbea-4a9d87fcc904 čekao je za slijedeću provjeru semafora 1498 milisekundi
Nov 01, 2020 1:54:22 PM hr.pb.fer.srsv.helper.Pjesak run
INFO: Pjesak: 60f51529-41c0-42b8-a4b0-e7c6028296bf čekao je za slijedeću provjeru semafora 1500 milisekundi
Nov 01, 2020 1:54:23 PM hr.pb.fer.srsv.helper.Pjesak run
INFO: Pjesak: 998aa861-2145-4454-b02a-ec1b210470bb je prošao kroz raskrizje u vremenu od 6999 miliseknudi
Nov 01, 2020 1:54:23 PM hr.pb.fer.srsv.helper.Pjesak run
INFO: Pjesak: 7cf0e390-38e6-46c3-8c0f-b9d48b3bffda čekao je za slijedeću provjeru semafora 1503 milisekundi
Nov 01, 2020 1:54:23 PM hr.pb.fer.srsv.helper.Pjesak run
INFO: Pjesak: 1cc7d8db-02e5-422a-bbea-4a9d87fcc904 čekao je za slijedeću provjeru semafora 1500 milisekundi
Nov 01, 2020 1:54:24 PM hr.pb.fer.srsv.helper.Pjesak run
INFO: Pjesak: 60f51529-41c0-42b8-a4b0-e7c6028296bf čekao je za slijedeću provjeru semafora 1498 milisekundi
Nov 01, 2020 1:54:24 PM hr.pb.fer.srsv.helper.Pjesak run
INFO: Pjesak: 7cf0e390-38e6-46c3-8c0f-b9d48b3bffda čekao je za slijedeću provjeru semafora 1502 milisekundi
Nov 01, 2020 1:54:25 PM hr.pb.fer.srsv.helper.Pjesak run
INFO: Pjesak: 1cc7d8db-02e5-422a-bbea-4a9d87fcc904 čekao je za slijedeću provjeru semafora 1498 milisekundi
Nov 01, 2020 1:54:25 PM hr.pb.fer.srsv.helper.Pjesak run
INFO: Pjesak: 60f51529-41c0-42b8-a4b0-e7c6028296bf čekao je za slijedeću provjeru semafora 1498 milisekundi
Nov 01, 2020 1:54:26 PM hr.pb.fer.srsv.helper.Pjesak run
INFO: Pjesak: 7cf0e390-38e6-46c3-8c0f-b9d48b3bffda čekao je za slijedeću provjeru semafora 1502 milisekundi
Nov 01, 2020 1:54:26 PM hr.pb.fer.srsv.helper.Pjesak run
INFO: Pjesak: 1cc7d8db-02e5-422a-bbea-4a9d87fcc904 čekao je za slijedeću provjeru semafora 1498 milisekundi
Nov 01, 2020 1:54:27 PM hr.pb.fer.srsv.helper.Pjesak run
INFO: Pjesak: 60f51529-41c0-42b8-a4b0-e7c6028296bf čekao je za slijedeću provjeru semafora 1502 milisekundi
Nov 01, 2020 1:54:27 PM hr.pb.fer.srsv.helper.Pjesak run
INFO: Pjesak: 7cf0e390-38e6-46c3-8c0f-b9d48b3bffda čekao je za slijedeću provjeru semafora 1499 milisekundi
Nov 01, 2020 1:54:27 PM hr.pb.fer.srsv.helper.Pjesak run
INFO: Pjesak: 4110cf8f-996f-4774-b938-b652cd99341d čekao je za slijedeću provjeru semafora 1502 milisekundi
Nov 01, 2020 1:54:28 PM hr.pb.fer.srsv.helper.Pjesak run
INFO: Pjesak: 1cc7d8db-02e5-422a-bbea-4a9d87fcc904 čekao je za slijedeću provjeru semafora 1502 milisekundi
Nov 01, 2020 1:54:28 PM hr.pb.fer.srsv.helper.Pjesak run
INFO: Pjesak: 60f51529-41c0-42b8-a4b0-e7c6028296bf čekao je za slijedeću provjeru semafora 1501 milisekundi
Nov 01, 2020 1:54:29 PM hr.pb.fer.srsv.helper.Pjesak run
INFO: Pjesak: 7cf0e390-38e6-46c3-8c0f-b9d48b3bffda čekao je za slijedeću provjeru semafora 1503 milisekundi
Nov 01, 2020 1:54:29 PM hr.pb.fer.srsv.helper.Pjesak run
INFO: Pjesak: 4110cf8f-996f-4774-b938-b652cd99341d čekao je za slijedeću provjeru semafora 1499 milisekundi
Nov 01, 2020 1:54:29 PM hr.pb.fer.srsv.helper.Pjesak run
INFO: Pjesak: 1cc7d8db-02e5-422a-bbea-4a9d87fcc904 čekao je za slijedeću provjeru semafora 1500 milisekundi
Nov 01, 2020 1:54:30 PM hr.pb.fer.srsv.helper.Pjesak run
INFO: Pjesak: 60f51529-41c0-42b8-a4b0-e7c6028296bf čekao je za slijedeću provjeru semafora 1500 milisekundi
Nov 01, 2020 1:54:30 PM hr.pb.fer.srsv.helper.Pjesak run
INFO: Pjesak: 4110cf8f-996f-4774-b938-b652cd99341d čekao je za slijedeću provjeru semafora 1502 milisekundi
Nov 01, 2020 1:54:30 PM hr.pb.fer.srsv.helper.Pjesak run
INFO: Pjesak: 7cf0e390-38e6-46c3-8c0f-b9d48b3bffda čekao je za slijedeću provjeru semafora 1502 milisekundi
Nov 01, 2020 1:54:31 PM hr.pb.fer.srsv.helper.Pjesak run
INFO: Pjesak: 1cc7d8db-02e5-422a-bbea-4a9d87fcc904 čekao je za slijedeću provjeru semafora 1502 milisekundi
Nov 01, 2020 1:54:31 PM hr.pb.fer.srsv.helper.Pjesak run
INFO: Pjesak: 60f51529-41c0-42b8-a4b0-e7c6028296bf čekao je za slijedeću provjeru semafora 1498 milisekundi
Nov 01, 2020 1:54:32 PM hr.pb.fer.srsv.helper.Pjesak run
INFO: Pjesak: 7cf0e390-38e6-46c3-8c0f-b9d48b3bffda čekao je za slijedeću provjeru semafora 1500 milisekundi
Nov 01, 2020 1:54:32 PM hr.pb.fer.srsv.helper.Pjesak run
INFO: Pjesak: 4110cf8f-996f-4774-b938-b652cd99341d čekao je za slijedeću provjeru semafora 1500 milisekundi
Nov 01, 2020 1:54:32 PM hr.pb.fer.srsv.helper.Pjesak run
INFO: Pjesak: 1cc7d8db-02e5-422a-bbea-4a9d87fcc904 čekao je za slijedeću provjeru semafora 1502 milisekundi
Nov 01, 2020 1:54:32 PM hr.pb.fer.srsv.helper.Pjesak run
INFO: Pjesak: 4bc4a7a1-92b9-4eae-a9dd-64f5e7011ff7 čekao je za slijedeću provjeru semafora 1503 milisekundi
Nov 01, 2020 1:54:33 PM hr.pb.fer.srsv.helper.Pjesak run
INFO: Pjesak: 60f51529-41c0-42b8-a4b0-e7c6028296bf čekao je za slijedeću provjeru semafora 1502 milisekundi
Nov 01, 2020 1:54:33 PM hr.pb.fer.srsv.helper.Pjesak run
INFO: Pjesak: 7cf0e390-38e6-46c3-8c0f-b9d48b3bffda čekao je za slijedeću provjeru semafora 1502 milisekundi
Nov 01, 2020 1:54:33 PM hr.pb.fer.srsv.helper.Pjesak run
INFO: Pjesak: 4110cf8f-996f-4774-b938-b652cd99341d čekao je za slijedeću provjeru semafora 1501 milisekundi
Nov 01, 2020 1:54:34 PM hr.pb.fer.srsv.helper.Pjesak run
INFO: Pjesak: 1cc7d8db-02e5-422a-bbea-4a9d87fcc904 čekao je za slijedeću provjeru semafora 1503 milisekundi
Nov 01, 2020 1:54:34 PM hr.pb.fer.srsv.helper.Pjesak run
INFO: Pjesak: 4bc4a7a1-92b9-4eae-a9dd-64f5e7011ff7 čekao je za slijedeću provjeru semafora 1502 milisekundi
Nov 01, 2020 1:54:34 PM hr.pb.fer.srsv.helper.Pjesak run
INFO: Pjesak: 60f51529-41c0-42b8-a4b0-e7c6028296bf čekao je za slijedeću provjeru semafora 1500 milisekundi
Nov 01, 2020 1:54:35 PM hr.pb.fer.srsv.helper.Pjesak run
INFO: Pjesak: 7cf0e390-38e6-46c3-8c0f-b9d48b3bffda čekao je za slijedeću provjeru semafora 1498 milisekundi
Nov 01, 2020 1:54:35 PM hr.pb.fer.srsv.helper.Pjesak run
INFO: Pjesak: 4110cf8f-996f-4774-b938-b652cd99341d čekao je za slijedeću provjeru semafora 1498 milisekundi
Nov 01, 2020 1:54:35 PM hr.pb.fer.srsv.helper.Pjesak run
INFO: Pjesak: 1cc7d8db-02e5-422a-bbea-4a9d87fcc904 čekao je za slijedeću provjeru semafora 1500 milisekundi
Nov 01, 2020 1:54:35 PM hr.pb.fer.srsv.helper.Pjesak run
INFO: Pjesak: 4bc4a7a1-92b9-4eae-a9dd-64f5e7011ff7 čekao je za slijedeću provjeru semafora 1502 milisekundi
Nov 01, 2020 1:54:36 PM hr.pb.fer.srsv.helper.Pjesak run
INFO: Pjesak: 60f51529-41c0-42b8-a4b0-e7c6028296bf čekao je za slijedeću provjeru semafora 1503 milisekundi
Nov 01, 2020 1:54:36 PM hr.pb.fer.srsv.helper.Pjesak run
INFO: Pjesak: 7cf0e390-38e6-46c3-8c0f-b9d48b3bffda čekao je za slijedeću provjeru semafora 1501 milisekundi
Nov 01, 2020 1:54:36 PM hr.pb.fer.srsv.helper.Pjesak run
INFO: Pjesak: 4110cf8f-996f-4774-b938-b652cd99341d čekao je za slijedeću provjeru semafora 1501 milisekundi
Nov 01, 2020 1:54:37 PM hr.pb.fer.srsv.helper.Pjesak run
INFO: Pjesak: 1cc7d8db-02e5-422a-bbea-4a9d87fcc904 čekao je za slijedeću provjeru semafora 1502 milisekundi
Nov 01, 2020 1:54:37 PM hr.pb.fer.srsv.helper.Pjesak run
INFO: Pjesak: 4bc4a7a1-92b9-4eae-a9dd-64f5e7011ff7 čekao je za slijedeću provjeru semafora 1500 milisekundi
Nov 01, 2020 1:54:37 PM hr.pb.fer.srsv.helper.Pjesak run
INFO: Pjesak: 60f51529-41c0-42b8-a4b0-e7c6028296bf čekao je za slijedeću provjeru semafora 1500 milisekundi
Nov 01, 2020 1:54:37 PM hr.pb.fer.srsv.helper.Pjesak run
INFO: Pjesak: a1a63b95-de98-4f11-af08-f2323b3b82b2 čekao je za slijedeću provjeru semafora 1499 milisekundi
Nov 01, 2020 1:54:38 PM hr.pb.fer.srsv.helper.Pjesak run
INFO: Pjesak: 7cf0e390-38e6-46c3-8c0f-b9d48b3bffda čekao je za slijedeću provjeru semafora 1501 milisekundi
Nov 01, 2020 1:54:38 PM hr.pb.fer.srsv.helper.Pjesak run
INFO: Pjesak: 4110cf8f-996f-4774-b938-b652cd99341d čekao je za slijedeću provjeru semafora 1500 milisekundi
Nov 01, 2020 1:54:38 PM hr.pb.fer.srsv.helper.Pjesak run
INFO: Pjesak: 1cc7d8db-02e5-422a-bbea-4a9d87fcc904 čekao je za slijedeću provjeru semafora 1502 milisekundi
Nov 01, 2020 1:54:38 PM hr.pb.fer.srsv.helper.Pjesak run
INFO: Pjesak: 4bc4a7a1-92b9-4eae-a9dd-64f5e7011ff7 čekao je za slijedeću provjeru semafora 1501 milisekundi
Nov 01, 2020 1:54:39 PM hr.pb.fer.srsv.helper.Pjesak run
INFO: Pjesak: 60f51529-41c0-42b8-a4b0-e7c6028296bf čekao je za slijedeću provjeru semafora 1499 milisekundi
Nov 01, 2020 1:54:39 PM hr.pb.fer.srsv.helper.Pjesak run
INFO: Pjesak: a1a63b95-de98-4f11-af08-f2323b3b82b2 čekao je za slijedeću provjeru semafora 1500 milisekundi
Nov 01, 2020 1:54:39 PM hr.pb.fer.srsv.helper.Pjesak run
INFO: Pjesak: 4110cf8f-996f-4774-b938-b652cd99341d čekao je za slijedeću provjeru semafora 1499 milisekundi
Nov 01, 2020 1:54:39 PM hr.pb.fer.srsv.helper.Pjesak run
INFO: Pjesak: 7cf0e390-38e6-46c3-8c0f-b9d48b3bffda čekao je za slijedeću provjeru semafora 1499 milisekundi
Nov 01, 2020 1:54:40 PM hr.pb.fer.srsv.helper.Pjesak run
INFO: Pjesak: 1cc7d8db-02e5-422a-bbea-4a9d87fcc904 čekao je za slijedeću provjeru semafora 1499 milisekundi
Nov 01, 2020 1:54:40 PM hr.pb.fer.srsv.helper.Pjesak run
INFO: Pjesak: 4bc4a7a1-92b9-4eae-a9dd-64f5e7011ff7 čekao je za slijedeću provjeru semafora 1503 milisekundi
Nov 01, 2020 1:54:40 PM hr.pb.fer.srsv.helper.Pjesak run
INFO: Pjesak: 60f51529-41c0-42b8-a4b0-e7c6028296bf čekao je za slijedeću provjeru semafora 1499 milisekundi
Nov 01, 2020 1:54:40 PM hr.pb.fer.srsv.helper.Pjesak run
INFO: Pjesak: a1a63b95-de98-4f11-af08-f2323b3b82b2 čekao je za slijedeću provjeru semafora 1517 milisekundi
Nov 01, 2020 1:54:41 PM hr.pb.fer.srsv.helper.Pjesak run
INFO: Pjesak: 4110cf8f-996f-4774-b938-b652cd99341d čekao je za slijedeću provjeru semafora 1500 milisekundi
Nov 01, 2020 1:54:41 PM hr.pb.fer.srsv.helper.Pjesak run
INFO: Pjesak: 7cf0e390-38e6-46c3-8c0f-b9d48b3bffda čekao je za slijedeću provjeru semafora 1499 milisekundi
Nov 01, 2020 1:54:41 PM hr.pb.fer.srsv.helper.Pjesak run
INFO: Pjesak: 1cc7d8db-02e5-422a-bbea-4a9d87fcc904 čekao je za slijedeću provjeru semafora 1498 milisekundi
Nov 01, 2020 1:54:41 PM hr.pb.fer.srsv.helper.Pjesak run
INFO: Pjesak: 4bc4a7a1-92b9-4eae-a9dd-64f5e7011ff7 čekao je za slijedeću provjeru semafora 1498 milisekundi
Nov 01, 2020 1:54:42 PM hr.pb.fer.srsv.helper.Pjesak run
INFO: Pjesak: 60f51529-41c0-42b8-a4b0-e7c6028296bf čekao je za slijedeću provjeru semafora 1499 milisekundi
Nov 01, 2020 1:54:42 PM hr.pb.fer.srsv.helper.Pjesak run
INFO: Pjesak: a1a63b95-de98-4f11-af08-f2323b3b82b2 čekao je za slijedeću provjeru semafora 1498 milisekundi
Nov 01, 2020 1:54:42 PM hr.pb.fer.srsv.helper.Pjesak run
INFO: Pjesak: 4110cf8f-996f-4774-b938-b652cd99341d čekao je za slijedeću provjeru semafora 1503 milisekundi
Nov 01, 2020 1:54:42 PM hr.pb.fer.srsv.helper.Pjesak run
INFO: Pjesak: 7cf0e390-38e6-46c3-8c0f-b9d48b3bffda čekao je za slijedeću provjeru semafora 1503 milisekundi
Nov 01, 2020 1:54:43 PM hr.pb.fer.srsv.helper.Pjesak run
INFO: Pjesak: 1cc7d8db-02e5-422a-bbea-4a9d87fcc904 čekao je za slijedeću provjeru semafora 1502 milisekundi
Nov 01, 2020 1:54:43 PM hr.pb.fer.srsv.helper.Pjesak run
INFO: Pjesak: 4bc4a7a1-92b9-4eae-a9dd-64f5e7011ff7 čekao je za slijedeću provjeru semafora 1502 milisekundi
Nov 01, 2020 1:54:43 PM hr.pb.fer.srsv.helper.Pjesak run
INFO: Pjesak: 60f51529-41c0-42b8-a4b0-e7c6028296bf čekao je za slijedeću provjeru semafora 1498 milisekundi
Nov 01, 2020 1:54:43 PM hr.pb.fer.srsv.helper.Pjesak run
INFO: Pjesak: a1a63b95-de98-4f11-af08-f2323b3b82b2 čekao je za slijedeću provjeru semafora 1498 milisekundi
Nov 01, 2020 1:54:44 PM hr.pb.fer.srsv.helper.Pjesak run
INFO: Pjesak: 7cf0e390-38e6-46c3-8c0f-b9d48b3bffda čekao je za slijedeću provjeru semafora 1503 milisekundi
Nov 01, 2020 1:54:44 PM hr.pb.fer.srsv.helper.Pjesak run
INFO: Pjesak: 4110cf8f-996f-4774-b938-b652cd99341d čekao je za slijedeću provjeru semafora 1503 milisekundi
Nov 01, 2020 1:54:44 PM hr.pb.fer.srsv.helper.Pjesak run
INFO: Pjesak: 1cc7d8db-02e5-422a-bbea-4a9d87fcc904 čekao je za slijedeću provjeru semafora 1503 milisekundi
Nov 01, 2020 1:54:44 PM hr.pb.fer.srsv.helper.Pjesak run
INFO: Pjesak: 4bc4a7a1-92b9-4eae-a9dd-64f5e7011ff7 čekao je za slijedeću provjeru semafora 1501 milisekundi
Nov 01, 2020 1:54:45 PM hr.pb.fer.srsv.helper.Pjesak run
INFO: Pjesak: 60f51529-41c0-42b8-a4b0-e7c6028296bf čekao je za slijedeću provjeru semafora 1502 milisekundi
Nov 01, 2020 1:54:45 PM hr.pb.fer.srsv.helper.Pjesak run
INFO: Pjesak: a1a63b95-de98-4f11-af08-f2323b3b82b2 čekao je za slijedeću provjeru semafora 1502 milisekundi
Nov 01, 2020 1:54:45 PM hr.pb.fer.srsv.helper.Pjesak run
INFO: Pjesak: 4110cf8f-996f-4774-b938-b652cd99341d čekao je za slijedeću provjeru semafora 1502 milisekundi
Nov 01, 2020 1:54:45 PM hr.pb.fer.srsv.helper.Pjesak run
INFO: Pjesak: 7cf0e390-38e6-46c3-8c0f-b9d48b3bffda čekao je za slijedeću provjeru semafora 1503 milisekundi
Nov 01, 2020 1:54:46 PM hr.pb.fer.srsv.helper.Pjesak run
INFO: Pjesak: 1cc7d8db-02e5-422a-bbea-4a9d87fcc904 čekao je za slijedeću provjeru semafora 1501 milisekundi
Nov 01, 2020 1:54:46 PM hr.pb.fer.srsv.helper.Pjesak run
INFO: Pjesak: 4bc4a7a1-92b9-4eae-a9dd-64f5e7011ff7 čekao je za slijedeću provjeru semafora 1503 milisekundi
Nov 01, 2020 1:54:46 PM hr.pb.fer.srsv.helper.Pjesak run
INFO: Pjesak: a1a63b95-de98-4f11-af08-f2323b3b82b2 čekao je za slijedeću provjeru semafora 1501 milisekundi
Nov 01, 2020 1:54:46 PM hr.pb.fer.srsv.helper.Pjesak run
INFO: Pjesak: 60f51529-41c0-42b8-a4b0-e7c6028296bf čekao je za slijedeću provjeru semafora 1501 milisekundi
Nov 01, 2020 1:54:47 PM hr.pb.fer.srsv.helper.Pjesak run
INFO: Pjesak: 4110cf8f-996f-4774-b938-b652cd99341d čekao je za slijedeću provjeru semafora 1503 milisekundi
Nov 01, 2020 1:54:47 PM hr.pb.fer.srsv.helper.Pjesak run
INFO: Pjesak: 7cf0e390-38e6-46c3-8c0f-b9d48b3bffda čekao je za slijedeću provjeru semafora 1503 milisekundi
Nov 01, 2020 1:54:47 PM hr.pb.fer.srsv.helper.Pjesak run
INFO: Pjesak: 1cc7d8db-02e5-422a-bbea-4a9d87fcc904 čekao je za slijedeću provjeru semafora 1497 milisekundi
Nov 01, 2020 1:54:47 PM hr.pb.fer.srsv.helper.Pjesak run
INFO: Pjesak: 4bc4a7a1-92b9-4eae-a9dd-64f5e7011ff7 čekao je za slijedeću provjeru semafora 1499 milisekundi
Nov 01, 2020 1:54:48 PM hr.pb.fer.srsv.helper.Pjesak run
INFO: Pjesak: 60f51529-41c0-42b8-a4b0-e7c6028296bf čekao je za slijedeću provjeru semafora 1498 milisekundi
Nov 01, 2020 1:54:48 PM hr.pb.fer.srsv.helper.Pjesak run
INFO: Pjesak: a1a63b95-de98-4f11-af08-f2323b3b82b2 čekao je za slijedeću provjeru semafora 1498 milisekundi
Nov 01, 2020 1:54:48 PM hr.pb.fer.srsv.helper.Pjesak run
INFO: Pjesak: 7cf0e390-38e6-46c3-8c0f-b9d48b3bffda čekao je za slijedeću provjeru semafora 1496 milisekundi
Nov 01, 2020 1:54:48 PM hr.pb.fer.srsv.helper.Pjesak run
INFO: Pjesak: 4110cf8f-996f-4774-b938-b652cd99341d čekao je za slijedeću provjeru semafora 1496 milisekundi
Nov 01, 2020 1:54:49 PM hr.pb.fer.srsv.helper.Pjesak run
INFO: Pjesak: 1cc7d8db-02e5-422a-bbea-4a9d87fcc904 čekao je za slijedeću provjeru semafora 1499 milisekundi
Nov 01, 2020 1:54:49 PM hr.pb.fer.srsv.helper.Pjesak run
INFO: Pjesak: 4bc4a7a1-92b9-4eae-a9dd-64f5e7011ff7 čekao je za slijedeću provjeru semafora 1500 milisekundi
Nov 01, 2020 1:54:49 PM hr.pb.fer.srsv.helper.Pjesak run
INFO: Pjesak: 60f51529-41c0-42b8-a4b0-e7c6028296bf čekao je za slijedeću provjeru semafora 1499 milisekundi
Nov 01, 2020 1:54:49 PM hr.pb.fer.srsv.helper.Pjesak run
INFO: Pjesak: a1a63b95-de98-4f11-af08-f2323b3b82b2 čekao je za slijedeću provjeru semafora 1498 milisekundi
Nov 01, 2020 1:54:50 PM hr.pb.fer.srsv.helper.Pjesak run
INFO: Pjesak: 4110cf8f-996f-4774-b938-b652cd99341d čekao je za slijedeću provjeru semafora 1501 milisekundi
Nov 01, 2020 1:54:50 PM hr.pb.fer.srsv.helper.Pjesak run
INFO: Pjesak: 7cf0e390-38e6-46c3-8c0f-b9d48b3bffda čekao je za slijedeću provjeru semafora 1501 milisekundi
Nov 01, 2020 1:54:50 PM hr.pb.fer.srsv.helper.Pjesak run
INFO: Pjesak: 1cc7d8db-02e5-422a-bbea-4a9d87fcc904 čekao je za slijedeću provjeru semafora 1499 milisekundi
Nov 01, 2020 1:54:50 PM hr.pb.fer.srsv.helper.Pjesak run
INFO: Pjesak: 4bc4a7a1-92b9-4eae-a9dd-64f5e7011ff7 čekao je za slijedeću provjeru semafora 1497 milisekundi
Nov 01, 2020 1:54:51 PM hr.pb.fer.srsv.helper.Pjesak run
INFO: Pjesak: 60f51529-41c0-42b8-a4b0-e7c6028296bf čekao je za slijedeću provjeru semafora 1496 milisekundi
Nov 01, 2020 1:54:51 PM hr.pb.fer.srsv.helper.Pjesak run
INFO: Pjesak: a1a63b95-de98-4f11-af08-f2323b3b82b2 čekao je za slijedeću provjeru semafora 1497 milisekundi
Nov 01, 2020 1:54:51 PM hr.pb.fer.srsv.helper.Pjesak run
INFO: Pjesak: 7cf0e390-38e6-46c3-8c0f-b9d48b3bffda čekao je za slijedeću provjeru semafora 1499 milisekundi
Nov 01, 2020 1:54:51 PM hr.pb.fer.srsv.helper.Pjesak run
INFO: Pjesak: 4110cf8f-996f-4774-b938-b652cd99341d čekao je za slijedeću provjeru semafora 1499 milisekundi
Nov 01, 2020 1:54:52 PM hr.pb.fer.srsv.helper.Pjesak run
INFO: Pjesak: 1cc7d8db-02e5-422a-bbea-4a9d87fcc904 čekao je za slijedeću provjeru semafora 1498 milisekundi
Nov 01, 2020 1:54:52 PM hr.pb.fer.srsv.helper.Pjesak run
INFO: Pjesak: 4bc4a7a1-92b9-4eae-a9dd-64f5e7011ff7 čekao je za slijedeću provjeru semafora 1501 milisekundi
Nov 01, 2020 1:54:52 PM hr.pb.fer.srsv.helper.Pjesak run
INFO: Pjesak: 60f51529-41c0-42b8-a4b0-e7c6028296bf čekao je za slijedeću provjeru semafora 1502 milisekundi
Nov 01, 2020 1:54:52 PM hr.pb.fer.srsv.helper.Pjesak run
INFO: Pjesak: a1a63b95-de98-4f11-af08-f2323b3b82b2 čekao je za slijedeću provjeru semafora 1502 milisekundi
Nov 01, 2020 1:54:53 PM hr.pb.fer.srsv.helper.Pjesak run
INFO: Pjesak: 7cf0e390-38e6-46c3-8c0f-b9d48b3bffda čekao je za slijedeću provjeru semafora 1500 milisekundi
Nov 01, 2020 1:54:53 PM hr.pb.fer.srsv.helper.Pjesak run
INFO: Pjesak: 4110cf8f-996f-4774-b938-b652cd99341d čekao je za slijedeću provjeru semafora 1500 milisekundi
Nov 01, 2020 1:54:53 PM hr.pb.fer.srsv.helper.Pjesak run
INFO: Pjesak: 1cc7d8db-02e5-422a-bbea-4a9d87fcc904 čekao je za slijedeću provjeru semafora 1501 milisekundi
Nov 01, 2020 1:54:53 PM hr.pb.fer.srsv.helper.Pjesak run
INFO: Pjesak: 4bc4a7a1-92b9-4eae-a9dd-64f5e7011ff7 čekao je za slijedeću provjeru semafora 1500 milisekundi
Nov 01, 2020 1:54:54 PM hr.pb.fer.srsv.helper.Pjesak run
INFO: Pjesak: 60f51529-41c0-42b8-a4b0-e7c6028296bf čekao je za slijedeću provjeru semafora 1497 milisekundi
Nov 01, 2020 1:54:54 PM hr.pb.fer.srsv.helper.Pjesak run
INFO: Pjesak: a1a63b95-de98-4f11-af08-f2323b3b82b2 čekao je za slijedeću provjeru semafora 1497 milisekundi
Nov 01, 2020 1:54:54 PM hr.pb.fer.srsv.helper.Pjesak run
INFO: Pjesak: 7cf0e390-38e6-46c3-8c0f-b9d48b3bffda čekao je za slijedeću provjeru semafora 1497 milisekundi
Nov 01, 2020 1:54:54 PM hr.pb.fer.srsv.helper.Pjesak run
INFO: Pjesak: 4110cf8f-996f-4774-b938-b652cd99341d čekao je za slijedeću provjeru semafora 1497 milisekundi
Nov 01, 2020 1:54:55 PM hr.pb.fer.srsv.helper.Pjesak run
INFO: Pjesak: 1cc7d8db-02e5-422a-bbea-4a9d87fcc904 čekao je za slijedeću provjeru semafora 1499 milisekundi
Nov 01, 2020 1:54:55 PM hr.pb.fer.srsv.helper.Pjesak run
INFO: Pjesak: 4bc4a7a1-92b9-4eae-a9dd-64f5e7011ff7 čekao je za slijedeću provjeru semafora 1500 milisekundi
Nov 01, 2020 1:54:55 PM hr.pb.fer.srsv.helper.Pjesak run
INFO: Pjesak: 60f51529-41c0-42b8-a4b0-e7c6028296bf čekao je za slijedeću provjeru semafora 1502 milisekundi
Nov 01, 2020 1:54:55 PM hr.pb.fer.srsv.helper.Pjesak run
INFO: Pjesak: a1a63b95-de98-4f11-af08-f2323b3b82b2 čekao je za slijedeću provjeru semafora 1502 milisekundi
Nov 01, 2020 1:54:56 PM hr.pb.fer.srsv.helper.Pjesak run
INFO: Pjesak: 7cf0e390-38e6-46c3-8c0f-b9d48b3bffda čekao je za slijedeću provjeru semafora 1502 milisekundi
Nov 01, 2020 1:54:56 PM hr.pb.fer.srsv.helper.Pjesak run
INFO: Pjesak: 4110cf8f-996f-4774-b938-b652cd99341d čekao je za slijedeću provjeru semafora 1502 milisekundi
Nov 01, 2020 1:54:56 PM hr.pb.fer.srsv.helper.Pjesak run
INFO: Pjesak: 1cc7d8db-02e5-422a-bbea-4a9d87fcc904 čekao je za slijedeću provjeru semafora 1498 milisekundi
Nov 01, 2020 1:54:56 PM hr.pb.fer.srsv.helper.Pjesak run
INFO: Pjesak: 4bc4a7a1-92b9-4eae-a9dd-64f5e7011ff7 čekao je za slijedeću provjeru semafora 1500 milisekundi
Nov 01, 2020 1:54:57 PM hr.pb.fer.srsv.helper.Pjesak run
INFO: Pjesak: a1a63b95-de98-4f11-af08-f2323b3b82b2 čekao je za slijedeću provjeru semafora 1501 milisekundi
Nov 01, 2020 1:54:57 PM hr.pb.fer.srsv.helper.Pjesak run
INFO: Pjesak: 60f51529-41c0-42b8-a4b0-e7c6028296bf čekao je za slijedeću provjeru semafora 1501 milisekundi
Nov 01, 2020 1:54:57 PM hr.pb.fer.srsv.helper.Pjesak run
INFO: Pjesak: 7cf0e390-38e6-46c3-8c0f-b9d48b3bffda čekao je za slijedeću provjeru semafora 1498 milisekundi
Nov 01, 2020 1:54:57 PM hr.pb.fer.srsv.helper.Pjesak run
INFO: Pjesak: 4110cf8f-996f-4774-b938-b652cd99341d čekao je za slijedeću provjeru semafora 1498 milisekundi
Nov 01, 2020 1:54:58 PM hr.pb.fer.srsv.helper.Pjesak run
INFO: Pjesak: 1cc7d8db-02e5-422a-bbea-4a9d87fcc904 čekao je za slijedeću provjeru semafora 1498 milisekundi
Nov 01, 2020 1:54:58 PM hr.pb.fer.srsv.helper.Pjesak run
INFO: Pjesak: 4bc4a7a1-92b9-4eae-a9dd-64f5e7011ff7 čekao je za slijedeću provjeru semafora 1499 milisekundi
Nov 01, 2020 1:54:58 PM hr.pb.fer.srsv.helper.Pjesak run
INFO: Pjesak: 60f51529-41c0-42b8-a4b0-e7c6028296bf čekao je za slijedeću provjeru semafora 1500 milisekundi
Nov 01, 2020 1:54:58 PM hr.pb.fer.srsv.helper.Pjesak run
INFO: Pjesak: a1a63b95-de98-4f11-af08-f2323b3b82b2 čekao je za slijedeću provjeru semafora 1500 milisekundi
Nov 01, 2020 1:54:59 PM hr.pb.fer.srsv.helper.Pjesak run
INFO: Pjesak: 4110cf8f-996f-4774-b938-b652cd99341d čekao je za slijedeću provjeru semafora 1500 milisekundi
Nov 01, 2020 1:54:59 PM hr.pb.fer.srsv.helper.Pjesak run
INFO: Pjesak: 7cf0e390-38e6-46c3-8c0f-b9d48b3bffda čekao je za slijedeću provjeru semafora 1501 milisekundi
Nov 01, 2020 1:54:59 PM hr.pb.fer.srsv.helper.Pjesak run
INFO: Pjesak: 1cc7d8db-02e5-422a-bbea-4a9d87fcc904 čekao je za slijedeću provjeru semafora 1501 milisekundi
Nov 01, 2020 1:54:59 PM hr.pb.fer.srsv.helper.Pjesak run
INFO: Pjesak: 4bc4a7a1-92b9-4eae-a9dd-64f5e7011ff7 čekao je za slijedeću provjeru semafora 1498 milisekundi
Nov 01, 2020 1:55:00 PM hr.pb.fer.srsv.helper.Pjesak run
INFO: Pjesak: a1a63b95-de98-4f11-af08-f2323b3b82b2 čekao je za slijedeću provjeru semafora 1499 milisekundi
Nov 01, 2020 1:55:00 PM hr.pb.fer.srsv.helper.Pjesak run
INFO: Pjesak: 60f51529-41c0-42b8-a4b0-e7c6028296bf čekao je za slijedeću provjeru semafora 1500 milisekundi
Nov 01, 2020 1:55:00 PM hr.pb.fer.srsv.helper.Pjesak run
INFO: Pjesak: 7cf0e390-38e6-46c3-8c0f-b9d48b3bffda čekao je za slijedeću provjeru semafora 1502 milisekundi
Nov 01, 2020 1:55:00 PM hr.pb.fer.srsv.helper.Pjesak run
INFO: Pjesak: 4110cf8f-996f-4774-b938-b652cd99341d čekao je za slijedeću provjeru semafora 1502 milisekundi
Nov 01, 2020 1:55:01 PM hr.pb.fer.srsv.helper.Pjesak run
INFO: Pjesak: 1cc7d8db-02e5-422a-bbea-4a9d87fcc904 čekao je za slijedeću provjeru semafora 1498 milisekundi
Nov 01, 2020 1:55:01 PM hr.pb.fer.srsv.helper.Pjesak run
INFO: Pjesak: 4bc4a7a1-92b9-4eae-a9dd-64f5e7011ff7 čekao je za slijedeću provjeru semafora 1500 milisekundi
Nov 01, 2020 1:55:01 PM hr.pb.fer.srsv.helper.Pjesak run
INFO: Pjesak: a1a63b95-de98-4f11-af08-f2323b3b82b2 čekao je za slijedeću provjeru semafora 1502 milisekundi
Nov 01, 2020 1:55:01 PM hr.pb.fer.srsv.helper.Pjesak run
INFO: Pjesak: 60f51529-41c0-42b8-a4b0-e7c6028296bf čekao je za slijedeću provjeru semafora 1501 milisekundi
Nov 01, 2020 1:55:02 PM hr.pb.fer.srsv.helper.Pjesak run
INFO: Pjesak: 7cf0e390-38e6-46c3-8c0f-b9d48b3bffda čekao je za slijedeću provjeru semafora 1502 milisekundi
Nov 01, 2020 1:55:02 PM hr.pb.fer.srsv.helper.Pjesak run
INFO: Pjesak: 4110cf8f-996f-4774-b938-b652cd99341d čekao je za slijedeću provjeru semafora 1502 milisekundi
Nov 01, 2020 1:55:02 PM hr.pb.fer.srsv.helper.Pjesak run
INFO: Pjesak: 7cf0e390-38e6-46c3-8c0f-b9d48b3bffda je krenuo sa semafora SP1 prema raskrizju u smjeru zapada
Nov 01, 2020 1:55:02 PM hr.pb.fer.srsv.helper.Pjesak run
INFO: Pjesak: 1cc7d8db-02e5-422a-bbea-4a9d87fcc904 čekao je za slijedeću provjeru semafora 1498 milisekundi
Nov 01, 2020 1:55:02 PM hr.pb.fer.srsv.helper.Pjesak run
INFO: Pjesak: 1cc7d8db-02e5-422a-bbea-4a9d87fcc904 je krenuo sa semafora SP1 prema raskrizju u smjeru istoka
Nov 01, 2020 1:55:02 PM hr.pb.fer.srsv.helper.Pjesak run
INFO: Pjesak: 4bc4a7a1-92b9-4eae-a9dd-64f5e7011ff7 čekao je za slijedeću provjeru semafora 1501 milisekundi
Nov 01, 2020 1:55:02 PM hr.pb.fer.srsv.helper.Pjesak run
INFO: Pjesak: 4bc4a7a1-92b9-4eae-a9dd-64f5e7011ff7 je krenuo sa semafora SP3 prema raskrizju u smjeru zapada
Nov 01, 2020 1:55:03 PM hr.pb.fer.srsv.helper.Pjesak run
INFO: Pjesak: a1a63b95-de98-4f11-af08-f2323b3b82b2 čekao je za slijedeću provjeru semafora 1498 milisekundi
Nov 01, 2020 1:55:03 PM hr.pb.fer.srsv.helper.Pjesak run
INFO: Pjesak: 60f51529-41c0-42b8-a4b0-e7c6028296bf čekao je za slijedeću provjeru semafora 1498 milisekundi
Nov 01, 2020 1:55:03 PM hr.pb.fer.srsv.helper.Pjesak run
INFO: Pjesak: 60f51529-41c0-42b8-a4b0-e7c6028296bf je krenuo sa semafora SP3 prema raskrizju u smjeru istoka
Nov 01, 2020 1:55:03 PM hr.pb.fer.srsv.helper.Pjesak run
INFO: Pjesak: 4110cf8f-996f-4774-b938-b652cd99341d čekao je za slijedeću provjeru semafora 1502 milisekundi
Nov 01, 2020 1:55:04 PM hr.pb.fer.srsv.helper.Pjesak run
INFO: Pjesak: a1a63b95-de98-4f11-af08-f2323b3b82b2 čekao je za slijedeću provjeru semafora 1500 milisekundi
Nov 01, 2020 1:55:05 PM hr.pb.fer.srsv.helper.Pjesak run
INFO: Pjesak: 4110cf8f-996f-4774-b938-b652cd99341d čekao je za slijedeću provjeru semafora 1500 milisekundi
Nov 01, 2020 1:55:06 PM hr.pb.fer.srsv.helper.Pjesak run
INFO: Pjesak: a1a63b95-de98-4f11-af08-f2323b3b82b2 čekao je za slijedeću provjeru semafora 1498 milisekundi
Nov 01, 2020 1:55:06 PM hr.pb.fer.srsv.helper.Pjesak run
INFO: Pjesak: 4110cf8f-996f-4774-b938-b652cd99341d čekao je za slijedeću provjeru semafora 1499 milisekundi
Nov 01, 2020 1:55:07 PM hr.pb.fer.srsv.helper.Pjesak run
INFO: Pjesak: a1a63b95-de98-4f11-af08-f2323b3b82b2 čekao je za slijedeću provjeru semafora 1499 milisekundi
Nov 01, 2020 1:55:08 PM hr.pb.fer.srsv.helper.Pjesak run
INFO: Pjesak: 4110cf8f-996f-4774-b938-b652cd99341d čekao je za slijedeću provjeru semafora 1501 milisekundi
Nov 01, 2020 1:55:09 PM hr.pb.fer.srsv.helper.Pjesak run
INFO: Pjesak: 7cf0e390-38e6-46c3-8c0f-b9d48b3bffda je prošao kroz raskrizje u vremenu od 6999 miliseknudi
Nov 01, 2020 1:55:09 PM hr.pb.fer.srsv.helper.Pjesak run
INFO: Pjesak: a1a63b95-de98-4f11-af08-f2323b3b82b2 čekao je za slijedeću provjeru semafora 1499 milisekundi
Nov 01, 2020 1:55:09 PM hr.pb.fer.srsv.helper.Pjesak run
INFO: Pjesak: 1cc7d8db-02e5-422a-bbea-4a9d87fcc904 je prošao kroz raskrizje u vremenu od 6999 miliseknudi
Nov 01, 2020 1:55:09 PM hr.pb.fer.srsv.helper.Pjesak run
INFO: Pjesak: 4bc4a7a1-92b9-4eae-a9dd-64f5e7011ff7 je prošao kroz raskrizje u vremenu od 6995 miliseknudi
Nov 01, 2020 1:55:09 PM hr.pb.fer.srsv.helper.Pjesak run
INFO: Pjesak: 4110cf8f-996f-4774-b938-b652cd99341d čekao je za slijedeću provjeru semafora 1498 milisekundi
Nov 01, 2020 1:55:10 PM hr.pb.fer.srsv.helper.Pjesak run
INFO: Pjesak: 60f51529-41c0-42b8-a4b0-e7c6028296bf je prošao kroz raskrizje u vremenu od 6996 miliseknudi
Nov 01, 2020 1:55:10 PM hr.pb.fer.srsv.helper.Pjesak run
INFO: Pjesak: a1a63b95-de98-4f11-af08-f2323b3b82b2 čekao je za slijedeću provjeru semafora 1498 milisekundi
Nov 01, 2020 1:55:11 PM hr.pb.fer.srsv.helper.Pjesak run
INFO: Pjesak: 4110cf8f-996f-4774-b938-b652cd99341d čekao je za slijedeću provjeru semafora 1501 milisekundi
Nov 01, 2020 1:55:12 PM hr.pb.fer.srsv.helper.Pjesak run
INFO: Pjesak: a1a63b95-de98-4f11-af08-f2323b3b82b2 čekao je za slijedeću provjeru semafora 1500 milisekundi
Nov 01, 2020 1:55:12 PM hr.pb.fer.srsv.helper.Pjesak run
INFO: Pjesak: 4110cf8f-996f-4774-b938-b652cd99341d čekao je za slijedeću provjeru semafora 1499 milisekundi
Nov 01, 2020 1:55:13 PM hr.pb.fer.srsv.helper.Pjesak run
INFO: Pjesak: a1a63b95-de98-4f11-af08-f2323b3b82b2 čekao je za slijedeću provjeru semafora 1499 milisekundi
Nov 01, 2020 1:55:14 PM hr.pb.fer.srsv.helper.Pjesak run
INFO: Pjesak: 4110cf8f-996f-4774-b938-b652cd99341d čekao je za slijedeću provjeru semafora 1501 milisekundi
Nov 01, 2020 1:55:15 PM hr.pb.fer.srsv.helper.Pjesak run
INFO: Pjesak: a1a63b95-de98-4f11-af08-f2323b3b82b2 čekao je za slijedeću provjeru semafora 1503 milisekundi
Nov 01, 2020 1:55:15 PM hr.pb.fer.srsv.helper.Pjesak run
INFO: Pjesak: 4110cf8f-996f-4774-b938-b652cd99341d čekao je za slijedeću provjeru semafora 1502 milisekundi
Nov 01, 2020 1:55:16 PM hr.pb.fer.srsv.helper.Pjesak run
INFO: Pjesak: a1a63b95-de98-4f11-af08-f2323b3b82b2 čekao je za slijedeću provjeru semafora 1500 milisekundi
Nov 01, 2020 1:55:17 PM hr.pb.fer.srsv.helper.Pjesak run
INFO: Pjesak: 4110cf8f-996f-4774-b938-b652cd99341d čekao je za slijedeću provjeru semafora 1503 milisekundi
Nov 01, 2020 1:55:18 PM hr.pb.fer.srsv.helper.Pjesak run
INFO: Pjesak: a1a63b95-de98-4f11-af08-f2323b3b82b2 čekao je za slijedeću provjeru semafora 1502 milisekundi
Nov 01, 2020 1:55:18 PM hr.pb.fer.srsv.helper.Pjesak run
INFO: Pjesak: 4110cf8f-996f-4774-b938-b652cd99341d čekao je za slijedeću provjeru semafora 1498 milisekundi
Nov 01, 2020 1:55:19 PM hr.pb.fer.srsv.helper.Pjesak run
INFO: Pjesak: a1a63b95-de98-4f11-af08-f2323b3b82b2 čekao je za slijedeću provjeru semafora 1499 milisekundi
Nov 01, 2020 1:55:20 PM hr.pb.fer.srsv.helper.Pjesak run
INFO: Pjesak: 4110cf8f-996f-4774-b938-b652cd99341d čekao je za slijedeću provjeru semafora 1503 milisekundi
Nov 01, 2020 1:55:21 PM hr.pb.fer.srsv.helper.Pjesak run
INFO: Pjesak: a1a63b95-de98-4f11-af08-f2323b3b82b2 čekao je za slijedeću provjeru semafora 1500 milisekundi
Nov 01, 2020 1:55:21 PM hr.pb.fer.srsv.helper.Pjesak run
INFO: Pjesak: 4110cf8f-996f-4774-b938-b652cd99341d čekao je za slijedeću provjeru semafora 1502 milisekundi
Nov 01, 2020 1:55:22 PM hr.pb.fer.srsv.helper.Pjesak run
INFO: Pjesak: a1a63b95-de98-4f11-af08-f2323b3b82b2 čekao je za slijedeću provjeru semafora 1500 milisekundi
Nov 01, 2020 1:55:23 PM hr.pb.fer.srsv.helper.Pjesak run
INFO: Pjesak: 4110cf8f-996f-4774-b938-b652cd99341d čekao je za slijedeću provjeru semafora 1499 milisekundi
Nov 01, 2020 1:55:24 PM hr.pb.fer.srsv.helper.Pjesak run
INFO: Pjesak: a1a63b95-de98-4f11-af08-f2323b3b82b2 čekao je za slijedeću provjeru semafora 1498 milisekundi
Nov 01, 2020 1:55:24 PM hr.pb.fer.srsv.helper.Pjesak run
INFO: Pjesak: 4110cf8f-996f-4774-b938-b652cd99341d čekao je za slijedeću provjeru semafora 1502 milisekundi
Nov 01, 2020 1:55:25 PM hr.pb.fer.srsv.helper.Pjesak run
INFO: Pjesak: a1a63b95-de98-4f11-af08-f2323b3b82b2 čekao je za slijedeću provjeru semafora 1498 milisekundi
Nov 01, 2020 1:55:26 PM hr.pb.fer.srsv.helper.Pjesak run
INFO: Pjesak: 4110cf8f-996f-4774-b938-b652cd99341d čekao je za slijedeću provjeru semafora 1498 milisekundi
Nov 01, 2020 1:55:27 PM hr.pb.fer.srsv.helper.Pjesak run
INFO: Pjesak: a1a63b95-de98-4f11-af08-f2323b3b82b2 čekao je za slijedeću provjeru semafora 1503 milisekundi
Nov 01, 2020 1:55:27 PM hr.pb.fer.srsv.helper.Pjesak run
INFO: Pjesak: 4110cf8f-996f-4774-b938-b652cd99341d čekao je za slijedeću provjeru semafora 1499 milisekundi
Nov 01, 2020 1:55:28 PM hr.pb.fer.srsv.helper.Pjesak run
INFO: Pjesak: a1a63b95-de98-4f11-af08-f2323b3b82b2 čekao je za slijedeću provjeru semafora 1503 milisekundi
Nov 01, 2020 1:55:29 PM hr.pb.fer.srsv.helper.Pjesak run
INFO: Pjesak: 4110cf8f-996f-4774-b938-b652cd99341d čekao je za slijedeću provjeru semafora 1501 milisekundi
Nov 01, 2020 1:55:30 PM hr.pb.fer.srsv.helper.Pjesak run
INFO: Pjesak: a1a63b95-de98-4f11-af08-f2323b3b82b2 čekao je za slijedeću provjeru semafora 1502 milisekundi
Nov 01, 2020 1:55:30 PM hr.pb.fer.srsv.helper.Pjesak run
INFO: Pjesak: 4110cf8f-996f-4774-b938-b652cd99341d čekao je za slijedeću provjeru semafora 1503 milisekundi
Nov 01, 2020 1:55:31 PM hr.pb.fer.srsv.helper.Pjesak run
INFO: Pjesak: a1a63b95-de98-4f11-af08-f2323b3b82b2 čekao je za slijedeću provjeru semafora 1500 milisekundi
Nov 01, 2020 1:55:32 PM hr.pb.fer.srsv.helper.Pjesak run
INFO: Pjesak: 4110cf8f-996f-4774-b938-b652cd99341d čekao je za slijedeću provjeru semafora 1498 milisekundi
Nov 01, 2020 1:55:33 PM hr.pb.fer.srsv.helper.Pjesak run
INFO: Pjesak: a1a63b95-de98-4f11-af08-f2323b3b82b2 čekao je za slijedeću provjeru semafora 1502 milisekundi
Nov 01, 2020 1:55:33 PM hr.pb.fer.srsv.helper.Pjesak run
INFO: Pjesak: 4110cf8f-996f-4774-b938-b652cd99341d čekao je za slijedeću provjeru semafora 1502 milisekundi
Nov 01, 2020 1:55:34 PM hr.pb.fer.srsv.helper.Pjesak run
INFO: Pjesak: a1a63b95-de98-4f11-af08-f2323b3b82b2 čekao je za slijedeću provjeru semafora 1500 milisekundi
Nov 01, 2020 1:55:35 PM hr.pb.fer.srsv.helper.Pjesak run
INFO: Pjesak: 4110cf8f-996f-4774-b938-b652cd99341d čekao je za slijedeću provjeru semafora 1500 milisekundi
Nov 01, 2020 1:55:36 PM hr.pb.fer.srsv.helper.Pjesak run
INFO: Pjesak: a1a63b95-de98-4f11-af08-f2323b3b82b2 čekao je za slijedeću provjeru semafora 1498 milisekundi
Nov 01, 2020 1:55:36 PM hr.pb.fer.srsv.helper.Pjesak run
INFO: Pjesak: 4110cf8f-996f-4774-b938-b652cd99341d čekao je za slijedeću provjeru semafora 1503 milisekundi
Nov 01, 2020 1:55:37 PM hr.pb.fer.srsv.helper.Pjesak run
INFO: Pjesak: a1a63b95-de98-4f11-af08-f2323b3b82b2 čekao je za slijedeću provjeru semafora 1499 milisekundi
Nov 01, 2020 1:55:38 PM hr.pb.fer.srsv.helper.Pjesak run
INFO: Pjesak: 4110cf8f-996f-4774-b938-b652cd99341d čekao je za slijedeću provjeru semafora 1499 milisekundi
Nov 01, 2020 1:55:39 PM hr.pb.fer.srsv.helper.Pjesak run
INFO: Pjesak: a1a63b95-de98-4f11-af08-f2323b3b82b2 čekao je za slijedeću provjeru semafora 1499 milisekundi
Nov 01, 2020 1:55:39 PM hr.pb.fer.srsv.helper.Pjesak run
INFO: Pjesak: 4110cf8f-996f-4774-b938-b652cd99341d čekao je za slijedeću provjeru semafora 1502 milisekundi
Nov 01, 2020 1:55:40 PM hr.pb.fer.srsv.helper.Pjesak run
INFO: Pjesak: a1a63b95-de98-4f11-af08-f2323b3b82b2 čekao je za slijedeću provjeru semafora 1498 milisekundi
Nov 01, 2020 1:55:41 PM hr.pb.fer.srsv.helper.Pjesak run
INFO: Pjesak: 4110cf8f-996f-4774-b938-b652cd99341d čekao je za slijedeću provjeru semafora 1501 milisekundi
Nov 01, 2020 1:55:42 PM hr.pb.fer.srsv.helper.Pjesak run
INFO: Pjesak: a1a63b95-de98-4f11-af08-f2323b3b82b2 čekao je za slijedeću provjeru semafora 1498 milisekundi
Nov 01, 2020 1:55:42 PM hr.pb.fer.srsv.helper.Pjesak run
INFO: Pjesak: 4110cf8f-996f-4774-b938-b652cd99341d čekao je za slijedeću provjeru semafora 1501 milisekundi
Nov 01, 2020 1:55:43 PM hr.pb.fer.srsv.helper.Pjesak run
INFO: Pjesak: a1a63b95-de98-4f11-af08-f2323b3b82b2 čekao je za slijedeću provjeru semafora 1501 milisekundi
Nov 01, 2020 1:55:44 PM hr.pb.fer.srsv.helper.Pjesak run
INFO: Pjesak: 4110cf8f-996f-4774-b938-b652cd99341d čekao je za slijedeću provjeru semafora 1503 milisekundi
Nov 01, 2020 1:55:45 PM hr.pb.fer.srsv.helper.Pjesak run
INFO: Pjesak: a1a63b95-de98-4f11-af08-f2323b3b82b2 čekao je za slijedeću provjeru semafora 1500 milisekundi
Nov 01, 2020 1:55:45 PM hr.pb.fer.srsv.helper.Pjesak run
INFO: Pjesak: 4110cf8f-996f-4774-b938-b652cd99341d čekao je za slijedeću provjeru semafora 1500 milisekundi
Nov 01, 2020 1:55:46 PM hr.pb.fer.srsv.helper.Pjesak run
INFO: Pjesak: a1a63b95-de98-4f11-af08-f2323b3b82b2 čekao je za slijedeću provjeru semafora 1500 milisekundi
Nov 01, 2020 1:55:47 PM hr.pb.fer.srsv.helper.Pjesak run
INFO: Pjesak: 4110cf8f-996f-4774-b938-b652cd99341d čekao je za slijedeću provjeru semafora 1501 milisekundi
Nov 01, 2020 1:55:48 PM hr.pb.fer.srsv.helper.Pjesak run
INFO: Pjesak: a1a63b95-de98-4f11-af08-f2323b3b82b2 čekao je za slijedeću provjeru semafora 1498 milisekundi
Nov 01, 2020 1:55:48 PM hr.pb.fer.srsv.helper.Pjesak run
INFO: Pjesak: 4110cf8f-996f-4774-b938-b652cd99341d čekao je za slijedeću provjeru semafora 1499 milisekundi
Nov 01, 2020 1:55:49 PM hr.pb.fer.srsv.helper.Pjesak run
INFO: Pjesak: a1a63b95-de98-4f11-af08-f2323b3b82b2 čekao je za slijedeću provjeru semafora 1502 milisekundi
Nov 01, 2020 1:55:50 PM hr.pb.fer.srsv.helper.Pjesak run
INFO: Pjesak: 4110cf8f-996f-4774-b938-b652cd99341d čekao je za slijedeću provjeru semafora 1500 milisekundi
Nov 01, 2020 1:55:51 PM hr.pb.fer.srsv.helper.Pjesak run
INFO: Pjesak: a1a63b95-de98-4f11-af08-f2323b3b82b2 čekao je za slijedeću provjeru semafora 1499 milisekundi
Nov 01, 2020 1:55:51 PM hr.pb.fer.srsv.helper.Pjesak run
INFO: Pjesak: 4110cf8f-996f-4774-b938-b652cd99341d čekao je za slijedeću provjeru semafora 1502 milisekundi
Nov 01, 2020 1:55:52 PM hr.pb.fer.srsv.helper.Pjesak run
INFO: Pjesak: a1a63b95-de98-4f11-af08-f2323b3b82b2 čekao je za slijedeću provjeru semafora 1501 milisekundi
Nov 01, 2020 1:55:53 PM hr.pb.fer.srsv.helper.Pjesak run
INFO: Pjesak: 4110cf8f-996f-4774-b938-b652cd99341d čekao je za slijedeću provjeru semafora 1503 milisekundi
Nov 01, 2020 1:55:54 PM hr.pb.fer.srsv.helper.Pjesak run
INFO: Pjesak: a1a63b95-de98-4f11-af08-f2323b3b82b2 čekao je za slijedeću provjeru semafora 1502 milisekundi
Nov 01, 2020 1:55:54 PM hr.pb.fer.srsv.helper.Pjesak run
INFO: Pjesak: 4110cf8f-996f-4774-b938-b652cd99341d čekao je za slijedeću provjeru semafora 1503 milisekundi
Nov 01, 2020 1:55:55 PM hr.pb.fer.srsv.helper.Pjesak run
INFO: Pjesak: a1a63b95-de98-4f11-af08-f2323b3b82b2 čekao je za slijedeću provjeru semafora 1498 milisekundi
Nov 01, 2020 1:55:56 PM hr.pb.fer.srsv.helper.Pjesak run
INFO: Pjesak: 4110cf8f-996f-4774-b938-b652cd99341d čekao je za slijedeću provjeru semafora 1500 milisekundi
Nov 01, 2020 1:55:56 PM hr.pb.fer.srsv.helper.Pjesak run
INFO: Pjesak: 4110cf8f-996f-4774-b938-b652cd99341d je krenuo sa semafora SP4 prema raskrizju u smjeru sjevera
Nov 01, 2020 1:55:57 PM hr.pb.fer.srsv.helper.Pjesak run
INFO: Pjesak: a1a63b95-de98-4f11-af08-f2323b3b82b2 čekao je za slijedeću provjeru semafora 1498 milisekundi
Nov 01, 2020 1:55:57 PM hr.pb.fer.srsv.helper.Pjesak run
INFO: Pjesak: a1a63b95-de98-4f11-af08-f2323b3b82b2 je krenuo sa semafora SP4 prema raskrizju u smjeru sjevera
Nov 01, 2020 1:56:03 PM hr.pb.fer.srsv.helper.Pjesak run
INFO: Pjesak: 4110cf8f-996f-4774-b938-b652cd99341d je prošao kroz raskrizje u vremenu od 6999 miliseknudi
Nov 01, 2020 1:56:04 PM hr.pb.fer.srsv.helper.Pjesak run
INFO: Pjesak: a1a63b95-de98-4f11-af08-f2323b3b82b2 je prošao kroz raskrizje u vremenu od 7000 miliseknudi
