Nov 01, 2020 1:56:42 PM hr.pb.fer.srsv.helper.PrikaznikRaskrizja run
INFO:               (sjever)

              |   |  |
              |   |  | 
              |   |  |  
           ---+/|\|  +---
                     \   
                     -   
(zapad)    ---       /   
              /       ---    (istok)
              -           
              \          
           ---+  |\|/+---
              |  |   |  
              |  |   | 
              |  |   |
           
               (jug)
Nov 01, 2020 1:56:44 PM hr.pb.fer.srsv.helper.PrikaznikRaskrizja run
INFO:               (sjever)

              |   |  |
              |   |  | 
              |   |  |  
           ---+/|\|  +---
                     \   
                     -   
(zapad)    ---       /   
              /       ---    (istok)
           R  -           
              \          
           ---+  |\|/+---
              |  |   |  
              |  |   | 
              |  |   |
           
               (jug)
Nov 01, 2020 1:56:46 PM hr.pb.fer.srsv.helper.PrikaznikRaskrizja run
INFO:               (sjever)

              |   |  |
              |   |  | 
              |   |  |  
           ---+/|\|  +---
                     \   
                     -   
(zapad)    ---       /   
              /       ---    (istok)
           R  -           
              \          
           ---+  |\|/+---
              |  |   |  
              |  |   | 
              |  |   |
           
               (jug)
Nov 01, 2020 1:56:48 PM hr.pb.fer.srsv.helper.PrikaznikRaskrizja run
INFO:               (sjever)

              |   |  |
              |   |  | 
              |   |  |  
           ---+/|\|  +---
                     \   
                     -   
(zapad)    ---       /   
              /       ---    (istok)
           R  -           
              \          
           ---+  |\|/+---
              |  |   |  
              |  |   | 
              |  |   |
           
               (jug)
Nov 01, 2020 1:56:50 PM hr.pb.fer.srsv.helper.PrikaznikRaskrizja run
INFO:               (sjever)

              | R |  |
              | R |  | 
              | R |  |  
           ---+/R\|  +---
                R    \   
                R    -   
(zapad)    ---  R    /   
              / R     ---    (istok)
           R  - R         
              \ R        
           ---+ R|\|/+---
              | R|   |  
              | R|   | 
              | R|   |
           
               (jug)
Nov 01, 2020 1:56:52 PM hr.pb.fer.srsv.helper.PrikaznikRaskrizja run
INFO:               (sjever)

              |   |  |
              |   |  | 
              |   |  |  
           ---+/|\|  +---
                     \   
                     -   
(zapad)    ---       /   
              /       ---    (istok)
           R  -           
              \          
           ---+  |\|/+---
              |  |   |  
              |  |   | 
              |  |   |
           
               (jug)
Nov 01, 2020 1:56:54 PM hr.pb.fer.srsv.helper.PrikaznikRaskrizja run
INFO:               (sjever)

              |   |  |
              |   |  | 
              |   |  |  
           ---+/|\|  +---
                     \   
                     -   
(zapad)    ---       /   
              /       ---    (istok)
           R  -           
              \          
           ---+  |\|/+---
              |  |   |  
              |  |   | 
              |  |   |
           
               (jug)
Nov 01, 2020 1:56:56 PM hr.pb.fer.srsv.helper.PrikaznikRaskrizja run
INFO:               (sjever)

              |   |  |
              |   |  | 
              |   |  |  
           ---+/|\|  +---
                     \   
                     -  R
(zapad)    ---       /   
              /       ---    (istok)
           R  -           
              \          
           ---+  |\|/+---
              |  |   |  
              |  |   | 
              |  |   |
           
               (jug)
Nov 01, 2020 1:56:58 PM hr.pb.fer.srsv.helper.PrikaznikRaskrizja run
INFO:               (sjever)

              |   |  |
              |   |  | 
              |   |  |  
           ---+/|\|  +---
                     \   
                     -  R
(zapad)    ---       /   
              /       ---    (istok)
           R  -           
              \          
           ---+  |\|/+---
              |  |   |  
              |  |   | 
              |  |   |
           
               (jug)
Nov 01, 2020 1:57:00 PM hr.pb.fer.srsv.helper.PrikaznikRaskrizja run
INFO:               (sjever)

              |   |  |
              |   |  | 
              |   |  |  
           ---+/|\|  +---
                     \   
                     -  R
(zapad)    ---       /   
              /       ---    (istok)
           R  -           
              \          
           ---+  |\|/+---
              |  |   |  
              |  |   | 
              |  |   |
           
               (jug)
Nov 01, 2020 1:57:02 PM hr.pb.fer.srsv.helper.PrikaznikRaskrizja run
INFO:               (sjever)

              |   |  |
              |   |  | 
              |   |  |  
           ---+/|\|  +---
                     \   
                     -  R
(zapad)    ---       /   
              /       ---    (istok)
           R  -           
              \          
           ---+  |\|/+---
              |  |   |  
              |  |   | 
              |  | R |
           
               (jug)
Nov 01, 2020 1:57:04 PM hr.pb.fer.srsv.helper.PrikaznikRaskrizja run
INFO:               (sjever)

              |   |  |
              |   |  | 
              |   |  |  
           ---+/|\|  +---
                     \   
                     -  R
(zapad)    ---       /   
              /       ---    (istok)
           R  -           
              \          
           ---+  |\|/+---
              |  |   |  
              |  |   | 
              |  | R |
           
               (jug)
Nov 01, 2020 1:57:06 PM hr.pb.fer.srsv.helper.PrikaznikRaskrizja run
INFO:               (sjever)

              |   |  |
              |   |  | 
              |   |  |  
           ---+/|\|  +---
                     \   
                     -  R
(zapad)    ---       /   
              /       ---    (istok)
           R  -           
              \          
           ---+  |\|/+---
              |  |   |  
              |  |   | 
              |  | R |
           
               (jug)
Nov 01, 2020 1:57:08 PM hr.pb.fer.srsv.helper.PrikaznikRaskrizja run
INFO:               (sjever)

              |   |  |
              |   |  | 
              |   |  |  
           ---+/|\|  +---
                     \  D
                     -  R
(zapad)    ---       /   
              /       ---    (istok)
           R  -           
              \          
           ---+  |\|/+---
              |  |   |  
              |  |   | 
              |  | R |
           
               (jug)
Nov 01, 2020 1:57:10 PM hr.pb.fer.srsv.helper.PrikaznikRaskrizja run
INFO:               (sjever)

              |   |  |
              |   |  | 
              |   |  |  
           ---+/|\|  +---
                     \  D
                     -  R
(zapad)    ---       /   
              /       ---    (istok)
           R  -           
              \          
           ---+  |\|/+---
              |  |   |  
              |  |   | 
              |  | R |
           
               (jug)
Nov 01, 2020 1:57:12 PM hr.pb.fer.srsv.helper.PrikaznikRaskrizja run
INFO:               (sjever)

              |   | D|
              |   | D| 
              |   | D|  
           ---+/|\| D+---
                     DDDD
                     -  R
(zapad)    ---       /   
              /       ---    (istok)
           R  -           
              \          
           ---+  |\|/+---
              |  |   |  
              |  |   | 
              |  | R |
           
               (jug)
Nov 01, 2020 1:57:13 PM hr.pb.fer.srsv.helper.PrikaznikRaskrizja run
INFO:               (sjever)

              |   | D|
              |   | D| 
              |   | D|  
           ---+/|\| D+---
                     DDDD
                     -  R
(zapad)    ---       /   
              /       ---    (istok)
           R  -           
              \      DDDD
           ---+  |\|D+---
              |  |  D|  
              |  |  D| 
              |  | RD|
           
               (jug)
Nov 01, 2020 1:57:15 PM hr.pb.fer.srsv.helper.PrikaznikRaskrizja run
INFO:               (sjever)

              |   |  |
              |   |  | 
              |   |  |  
           ---+/|\|  +---
                     \   
                     -  R
(zapad)    ---       /   
              /       ---    (istok)
           R  -           
              \          
           ---+  |\|/+---
              |  |   |  
              |  |   | 
              |  | R |
           
               (jug)
Nov 01, 2020 1:57:17 PM hr.pb.fer.srsv.helper.PrikaznikRaskrizja run
INFO:               (sjever)

              |   |  |
              |   |  | 
              |   |  |  
           ---+/|\|  +---
                     \   
                     -  R
(zapad)    ---       /   
              /       ---    (istok)
           R  -           
              \          
           ---+  |\|/+---
              |  |   |  
              |  |   | 
              |  | R |
           
               (jug)
Nov 01, 2020 1:57:19 PM hr.pb.fer.srsv.helper.PrikaznikRaskrizja run
INFO:               (sjever)

              |   |  |
              |   |  | 
              |   |  |  
           ---+/|\|  +---
                     \   
                     -  R
(zapad)    ---       /   
              /       ---    (istok)
           R  -           
           DDDD          
           ---+D |\|/+---
              |D |   |  
              |D |   | 
              |D | R |
           
               (jug)
Nov 01, 2020 1:57:21 PM hr.pb.fer.srsv.helper.PrikaznikRaskrizja run
INFO:               (sjever)

              |   |  |
              |   |  | 
              |   |  |  
           ---+/|\|  +---
                     \   
                     -  R
(zapad)    ---       /   
              /       ---    (istok)
           R  -           
              \          
           ---+  |\|/+---
              |  |   |  
              |  |   | 
              |  | R |
           
               (jug)
Nov 01, 2020 1:57:23 PM hr.pb.fer.srsv.helper.PrikaznikRaskrizja run
INFO:               (sjever)

              |   |  |
              |   |  | 
              |   |  |  
           ---+/|\|  +---
                     \   
                     -  R
(zapad)    ---       /   
              /       ---    (istok)
           R  -           
              \          
           ---+  |\|/+---
              |  |   |  
              |  |   | 
              |  | R |
           
               (jug)
Nov 01, 2020 1:57:25 PM hr.pb.fer.srsv.helper.PrikaznikRaskrizja run
INFO:               (sjever)

              |D  |  |
              |   |  | 
              |   |  |  
           ---+/|\|  +---
                     \   
                     -  R
(zapad)    ---       /   
              /       ---    (istok)
           R  -           
              \          
           ---+  |\|/+---
              |  |   |  
              |  |   | 
              |  | R |
           
               (jug)
Nov 01, 2020 1:57:27 PM hr.pb.fer.srsv.helper.PrikaznikRaskrizja run
INFO:               (sjever)

              |D  |  |
              |   |  | 
              |   |  |  
           ---+/|\|  +---
                     \   
                     -  R
(zapad)    ---       /   
              /       ---    (istok)
           R  -           
              \          
           ---+  |\|/+---
              |  |   |  
              |  |   | 
              |  | R |
           
               (jug)
Nov 01, 2020 1:57:29 PM hr.pb.fer.srsv.helper.PrikaznikRaskrizja run
INFO:               (sjever)

              |D  |  |
              |   |  | 
              |   |  |  
           ---+/|\|  +---
                     \   
                     -  R
(zapad)    ---       /   
              /       ---    (istok)
           R  -           
              \          
           ---+  |\|/+---
              |  |   |  
              |  |   | 
              |  | R |
           
               (jug)
Nov 01, 2020 1:57:31 PM hr.pb.fer.srsv.helper.PrikaznikRaskrizja run
INFO:               (sjever)

              |D L|  |
              |   |  | 
              |   |  |  
           ---+/|\|  +---
                     \   
                     -  R
(zapad)    ---       /   
              /       ---    (istok)
           R  -           
              \          
           ---+  |\|/+---
              |  |   |  
              |  |   | 
              |  | R |
           
               (jug)
Nov 01, 2020 1:57:33 PM hr.pb.fer.srsv.helper.PrikaznikRaskrizja run
INFO:               (sjever)

              |D L|  |
              |   |  | 
              |   |  |  
           ---+/|\|  +---
                     \   
                     -  R
(zapad)    ---       /   
              /       ---    (istok)
           R  -           
              \          
           ---+  |\|/+---
              |  |   |  
              |  |   | 
              |  | R |
           
               (jug)
Nov 01, 2020 1:57:35 PM hr.pb.fer.srsv.helper.PrikaznikRaskrizja run
INFO:               (sjever)

              |D L|  |
              |   |  | 
              |   |  |  
           ---+/|\|  +---
                     \   
           RRRRRRRRRRRRRR
(zapad)    ---       /   
              /       ---    (istok)
           RRRRRRRRRRRRRR 
              \          
           ---+  |\|/+---
              |  |   |  
              |  |   | 
              |  | R |
           
               (jug)
Nov 01, 2020 1:57:37 PM hr.pb.fer.srsv.helper.PrikaznikRaskrizja run
INFO:               (sjever)

              |D L|  |
              |   |  | 
              |   |  |  
           ---+/|\|  +---
                     \   
                     -   
(zapad)    ---       /   
              /       ---    (istok)
              -           
              \          
           ---+  |\|/+---
              |  |   |  
              |  |   | 
              |  |LR |
           
               (jug)
Nov 01, 2020 1:57:39 PM hr.pb.fer.srsv.helper.PrikaznikRaskrizja run
INFO:               (sjever)

              |D L|  |
              |   |  | 
              |   |  |  
           ---+/|\|  +---
                     \   
                     -   
(zapad)    ---       /   
              /       ---    (istok)
              -           
              \          
           ---+  |\|/+---
              |  |   |  
              |  |   | 
              |  |LR |
           
               (jug)
Nov 01, 2020 1:57:41 PM hr.pb.fer.srsv.helper.PrikaznikRaskrizja run
INFO:               (sjever)

              |D L|  |
              |   |  | 
              |   |  |  
           ---+/|\|  +---
                     \   
                     -   
(zapad)    ---       /   
              /       ---    (istok)
              -           
              \          
           ---+  |\|/+---
              |  |   |  
              |  |   | 
              |  |LR |
           
               (jug)
Nov 01, 2020 1:57:43 PM hr.pb.fer.srsv.helper.PrikaznikRaskrizja run
INFO:               (sjever)

              |D L|  |
              |   |  | 
              |   |  |  
           ---+/|\|  +---
                     \   
                     -   
(zapad)    ---       /   
           L  /       ---    (istok)
              -           
              \          
           ---+  |\|/+---
              |  |   |  
              |  |   | 
              |  |LR |
           
               (jug)
Nov 01, 2020 1:57:45 PM hr.pb.fer.srsv.helper.PrikaznikRaskrizja run
INFO:               (sjever)

              |D L|  |
              |   |  | 
              |   |  |  
           ---+/|\|  +---
                     \   
                     -   
(zapad)    ---       /   
           L  /       ---    (istok)
              -           
              \          
           ---+  |\|/+---
              |  |   |  
              |  |   | 
              |  |LR |
           
               (jug)
Nov 01, 2020 1:57:47 PM hr.pb.fer.srsv.helper.PrikaznikRaskrizja run
INFO:               (sjever)

              |D L|  |
              |   |  | 
              |   |  |  
           ---+/|\|  +---
                     \   
                     -   
(zapad)    ---       /   
           L  /       ---    (istok)
              -           
              \          
           ---+  |\|/+---
              |  |   |  
              |  |   | 
              |  |LR |
           
               (jug)
Nov 01, 2020 1:57:48 PM hr.pb.fer.srsv.helper.PrikaznikRaskrizja run
INFO:               (sjever)

              |D L|  |
              |   |  | 
              |   |  |  
           ---+/|\|  +---
                     \   
                     -   
(zapad)    ---       /  L
           L  /       ---    (istok)
              -           
              \          
           ---+  |\|/+---
              |  |   |  
              |  |   | 
              |  |LR |
           
               (jug)
Nov 01, 2020 1:57:50 PM hr.pb.fer.srsv.helper.PrikaznikRaskrizja run
INFO:               (sjever)

              |D L|  |
              |   |  | 
              |   |  |  
           ---+/|\|  +---
                     \   
                     -   
(zapad)    ---       /  L
           L  /       ---    (istok)
              -           
              \          
           ---+  |\|/+---
              |  |   |  
              |  |   | 
              |  |LR |
           
               (jug)
Nov 01, 2020 1:57:52 PM hr.pb.fer.srsv.helper.PrikaznikRaskrizja run
INFO:               (sjever)

              |D L|  |
              |   |  | 
              |   |  |  
           ---+/|\|  +---
                     \   
                     -   
(zapad)    ---       /  L
           L  /       ---    (istok)
              -           
              \          
           ---+  |\|/+---
              |  |   |  
              |  |   | 
              |  |LR |
           
               (jug)
Nov 01, 2020 1:57:54 PM hr.pb.fer.srsv.helper.PrikaznikRaskrizja run
INFO:               (sjever)

              |D L|  |
              |   |  | 
              |   |  |  
           ---+/|\|  +---
                     \   
                     -   
(zapad)    ---       /  L
           L  /       ---    (istok)
              -           
              \          
           ---+  |\|/+---
              |  |   |  
              |  |   | 
              |  |LR |
           
               (jug)
Nov 01, 2020 1:57:56 PM hr.pb.fer.srsv.helper.PrikaznikRaskrizja run
INFO:               (sjever)

              |D L|  |
              |   |  | 
              |   |  |  
           ---+/|\|  +---
                     \   
                     -   
(zapad)    ---       /  L
           L  /       ---    (istok)
              -           
              \          
           ---+  |\|/+---
              |  |   |  
              |  |   | 
              |  |LR |
           
               (jug)
Nov 01, 2020 1:57:58 PM hr.pb.fer.srsv.helper.PrikaznikRaskrizja run
INFO:               (sjever)

              |D L|  |
              |   |  | 
              |   |  |  
           ---+/|\|  +---
                     \   
                     -   
(zapad)    ---       /  L
           L  /       ---    (istok)
              -           
              \          
           ---+  |\|/+---
              |  |   |  
              |  |   | 
              |  |LR |
           
               (jug)
Nov 01, 2020 1:58:00 PM hr.pb.fer.srsv.helper.PrikaznikRaskrizja run
INFO:               (sjever)

              |D L|  |
              |   |  | 
              |   |  |  
           ---+/|\|  +---
                     \   
                     -   
(zapad)    ---       /  L
           L  /       ---    (istok)
              -           
              \          
           ---+  |\|/+---
              |  |   |  
              |  |   | 
              |  |LR |
           
               (jug)
Nov 01, 2020 1:58:02 PM hr.pb.fer.srsv.helper.PrikaznikRaskrizja run
INFO:               (sjever)

              |D L|  |
              |   |  | 
              |   |  |  
           ---+/|\|  +---
                     \   
                     -   
(zapad)    ---       /  L
           L  /       ---    (istok)
              -           
              \          
           ---+  |\|/+---
              |  |   |  
              |  |   | 
              |  |LR |
           
               (jug)
Nov 01, 2020 1:58:04 PM hr.pb.fer.srsv.helper.PrikaznikRaskrizja run
INFO:               (sjever)

              |D L|  |
              |   |  | 
              |   |  |  
           ---+/|\|  +---
                     \   
                     -   
(zapad)    ---       /  L
           L  /       ---    (istok)
              -           
              \          
           ---+  |\|/+---
              |  |   |  
              |  |   | 
              |  |LR |
           
               (jug)
Nov 01, 2020 1:58:06 PM hr.pb.fer.srsv.helper.PrikaznikRaskrizja run
INFO:               (sjever)

              |D L|L |
              |D  |L | 
              |D  |L |  
           ---+D|\|L +---
           DDDD   L  \   
                 L   -   
(zapad)    ---  L   LLLLL
           LLLLL   L  ---    (istok)
              -   L       
              \  L       
           ---+ L|\|/+---
              | L|   |  
              | L|   | 
              | L|LR |
           
               (jug)
Nov 01, 2020 1:58:08 PM hr.pb.fer.srsv.helper.PrikaznikRaskrizja run
INFO:               (sjever)

              |D L|L |
              |D L|L | 
              |D L|L |  
           ---+D|L|L +---
           DDDD  LL  \   
                 LL  -   
(zapad)    ---  L  LLLLLL
           LLLLL   LL ---    (istok)
              -   L  LLLL 
              \  L       
           ---+ L|\|/+---
              | L|   |  
              | L|   | 
              | L|LR |
           
               (jug)
Nov 01, 2020 1:58:10 PM hr.pb.fer.srsv.helper.PrikaznikRaskrizja run
INFO:               (sjever)

              |   |  |
              |   |  | 
              |   |  |  
           ---+/|\|  +---
                     \   
                     -   
(zapad)    ---       /   
              /       ---    (istok)
              -           
              \          
           ---+  |\|/+---
              |  |   |  
              |  |   | 
              |  |LR |
           
               (jug)
Nov 01, 2020 1:58:12 PM hr.pb.fer.srsv.helper.PrikaznikRaskrizja run
INFO:               (sjever)

              |   |  |
              |   |  | 
              |   |  |  
           ---+/|\|  +---
                     \   
                     -   
(zapad)    ---       /   
              /       ---    (istok)
              -           
              \          
           ---+  |\|/+---
              |  |   |  
              |  |   | 
              |  |LR |
           
               (jug)
Nov 01, 2020 1:58:14 PM hr.pb.fer.srsv.helper.PrikaznikRaskrizja run
INFO:               (sjever)

              |   |  |
              |   |  | 
              |   |  |  
           ---+/|\|  +---
                     \   
                     -   
(zapad)    ---       /   
              /       ---    (istok)
              -           
              \          
           ---+  |\|/+---
              |  |   |  
              |  |   | 
              |  |LR |
           
               (jug)
Nov 01, 2020 1:58:16 PM hr.pb.fer.srsv.helper.PrikaznikRaskrizja run
INFO:               (sjever)

              |   |  |
              |   |  | 
              |   |  |  
           ---+/|\|  +---
                     \   
                     -   
(zapad)    ---       /   
              /       ---    (istok)
              -           
              \          
           ---+  |\|/+---
              |  |   |  
              |  |   | 
              |  |LR |
           
               (jug)
Nov 01, 2020 1:58:18 PM hr.pb.fer.srsv.helper.PrikaznikRaskrizja run
INFO:               (sjever)

              |   |  |
              |   |  | 
              |   |  |  
           ---+/|\|  +---
                     \   
                     -   
(zapad)    ---       /   
              /       ---    (istok)
              -           
              \          
           ---+  |\|/+---
              |  |   |  
              |  |   | 
              |  |LR |
           
               (jug)
Nov 01, 2020 1:58:20 PM hr.pb.fer.srsv.helper.PrikaznikRaskrizja run
INFO:               (sjever)

              |   |  |
              |   |  | 
              |   |  |  
           ---+/|\|  +---
                     \   
                     -   
(zapad)    ---       /   
              /       ---    (istok)
              -           
              \          
           ---+  |\|/+---
              |  |   |  
              |  |   | 
              |  |LR |
           
               (jug)
Nov 01, 2020 1:58:22 PM hr.pb.fer.srsv.helper.PrikaznikRaskrizja run
INFO:               (sjever)

              |   |  |
              |   |  | 
              |   |  |  
           ---+/|\|  +---
                     \   
                     -   
(zapad)    ---       /   
              /       ---    (istok)
              -           
              \          
           ---+  |\|/+---
              |  |   |  
              |  |   | 
              |  |LR |
           
               (jug)
Nov 01, 2020 1:58:23 PM hr.pb.fer.srsv.helper.PrikaznikRaskrizja run
INFO:               (sjever)

              |   |  |
              |   |  | 
              |   |  |  
           ---+/|\|  +---
                     \   
                     -   
(zapad)    ---       /   
              /       ---    (istok)
              -           
              \          
           ---+  |\|/+---
              |  |   |  
              |  |   | 
              |  |LR |
           
               (jug)
Nov 01, 2020 1:58:25 PM hr.pb.fer.srsv.helper.PrikaznikRaskrizja run
INFO:               (sjever)

              |   |  |
              |   |  | 
              |   |  |  
           ---+/|\|  +---
                     \   
                     -   
(zapad)    ---       /   
              /       ---    (istok)
              -           
              \          
           ---+  |\|/+---
              |  |   |  
              |  |   | 
              |  |LR |
           
               (jug)
Nov 01, 2020 1:58:27 PM hr.pb.fer.srsv.helper.PrikaznikRaskrizja run
INFO:               (sjever)

              |   |R |
              |   |R | 
              |   |R |  
           ---+/|\|R +---
                   R \   
                   R -   
(zapad)    ---     R /   
              /    R  ---    (istok)
              -    R      
              \    R     
           ---+  |\R/+---
              |  | R |  
              |  | R | 
              |  |LR |
           
               (jug)
Nov 01, 2020 1:58:29 PM hr.pb.fer.srsv.helper.PrikaznikRaskrizja run
INFO:               (sjever)

              |   |R |
              |   |R | 
              |   |R |  
           ---+/|\|R +---
                   R \   
                   R -   
(zapad)    ---     R /   
              /    R  ---    (istok)
              -    R      
              \    R     
           ---+  |\R/+---
              |  | R |  
              |  | R | 
              |  |LR |
           
               (jug)
Nov 01, 2020 1:58:31 PM hr.pb.fer.srsv.helper.PrikaznikRaskrizja run
INFO:               (sjever)

              |   |  |
              |   |  | 
              |   |  |  
           ---+/|\|  +---
                     \   
                     -   
(zapad)    ---       /   
              /       ---    (istok)
              -           
              \          
           ---+  |\|/+---
              |  |   |  
              |  |   | 
              |  |L  |
           
               (jug)
Nov 01, 2020 1:58:33 PM hr.pb.fer.srsv.helper.PrikaznikRaskrizja run
INFO:               (sjever)

              |   |  |
              |   |  | 
              |   |  |  
           ---+/|\|  +---
                     \   
                     -   
(zapad)    ---       /   
              /       ---    (istok)
              -           
              \          
           ---+  |\|/+---
              |  |   |  
              |  |   | 
              |  |L  |
           
               (jug)
Nov 01, 2020 1:58:35 PM hr.pb.fer.srsv.helper.PrikaznikRaskrizja run
INFO:               (sjever)

              |   |  |
              |   |  | 
              |   |  |  
           ---+/|\|  +---
                     \   
                     -   
(zapad)    ---       /   
              /       ---    (istok)
              -           
              \          
           ---+  |\|/+---
              |  |   |  
              |  |   | 
              |  |L  |
           
               (jug)
Nov 01, 2020 1:58:37 PM hr.pb.fer.srsv.helper.PrikaznikRaskrizja run
INFO:               (sjever)

              |   |  |
              |   |  | 
              |   |  |  
           ---+/|\|  +---
                     \   
                     -   
(zapad)    ---       /   
              /       ---    (istok)
              -           
              \          
           ---+  |\|/+---
              |  |   |  
              |  |   | 
              |  |L  |
           
               (jug)
Nov 01, 2020 1:58:39 PM hr.pb.fer.srsv.helper.PrikaznikRaskrizja run
INFO:               (sjever)

              |   |  |
              |   |  | 
              |   |  |  
           ---+/|\|  +---
                     \   
                     -   
(zapad)    ---       /   
              /       ---    (istok)
              -           
              \          
           ---+  |\|/+---
              |  |   |  
              |  |   | 
              |  |L  |
           
               (jug)
Nov 01, 2020 1:58:41 PM hr.pb.fer.srsv.helper.PrikaznikRaskrizja run
INFO:               (sjever)

              |   |  |
              |   |  | 
              |   |  |  
           ---+/|\|  +---
                     \   
                     -   
(zapad)    ---       /   
              /       ---    (istok)
              -           
              \          
           ---+  |\|/+---
              |  |   |  
              |  |   | 
              |  |L  |
           
               (jug)
Nov 01, 2020 1:58:43 PM hr.pb.fer.srsv.helper.PrikaznikRaskrizja run
INFO:               (sjever)

              |   |  |
              |   |  | 
              |   |  |  
           ---+/|\|  +---
                     \   
                     -   
(zapad)    ---       /   
              /       ---    (istok)
              -           
              \          
           ---+  |\|/+---
              |  |   |  
              |  |   | 
              |  |L  |
           
               (jug)
Nov 01, 2020 1:58:45 PM hr.pb.fer.srsv.helper.PrikaznikRaskrizja run
INFO:               (sjever)

              |   |  |
              |   |  | 
              |   |  |  
           ---+/|\|  +---
                     \   
                     -   
(zapad)    ---       /   
              /       ---    (istok)
              -           
              \          
           ---+  |\|/+---
              |  |   |  
              |  |   | 
              |  |L  |
           
               (jug)
Nov 01, 2020 1:58:47 PM hr.pb.fer.srsv.helper.PrikaznikRaskrizja run
INFO:               (sjever)

              |   |  |
              |   |  | 
              |   |  |  
           ---+/|\|  +---
                     \   
                     -   
(zapad)    ---       /   
              /       ---    (istok)
              -           
              \          
           ---+  |\|/+---
              |  |   |  
              |  |   | 
              |  |L  |
           
               (jug)
Nov 01, 2020 1:58:49 PM hr.pb.fer.srsv.helper.PrikaznikRaskrizja run
INFO:               (sjever)

              |   |  |
              |   |  | 
              |   |  |  
           ---+/|\|  +---
                     \   
                     -   
(zapad)    ---       /   
              /       ---    (istok)
              -           
              \          
           ---+  |\|/+---
              |  |   |  
              |  |   | 
              |  |L  |
           
               (jug)
Nov 01, 2020 1:58:51 PM hr.pb.fer.srsv.helper.PrikaznikRaskrizja run
INFO:               (sjever)

              |   |  |
              |   |  | 
              |   |  |  
           ---+/|\|  +---
                     \   
                     -   
(zapad)    ---       /   
              /       ---    (istok)
              -           
              \          
           ---+  |\|/+---
              |  |   |  
              |  |   | 
              |  |L  |
           
               (jug)
Nov 01, 2020 1:58:53 PM hr.pb.fer.srsv.helper.PrikaznikRaskrizja run
INFO:               (sjever)

              |   |  |
              |   |  | 
              |   |  |  
           ---+/|\|  +---
                     \   
                     -   
(zapad)    ---       /   
              /       ---    (istok)
              -           
              \          
           ---+  |\|/+---
              |  |   |  
              |  |   | 
              |  |L  |
           
               (jug)
Nov 01, 2020 1:58:55 PM hr.pb.fer.srsv.helper.PrikaznikRaskrizja run
INFO:               (sjever)

              |   |  |
              |   |  | 
              |   |  |  
           ---+/|\|  +---
                     \   
                     -   
(zapad)    ---       /   
              /       ---    (istok)
              -           
              \          
           ---+  |\|/+---
              |  |   |  
              |  |   | 
              |  |L  |
           
               (jug)
Nov 01, 2020 1:58:57 PM hr.pb.fer.srsv.helper.PrikaznikRaskrizja run
INFO:               (sjever)

              |   |  |
              |   |  | 
              |   |  |  
           ---+/|\|  +---
                     \   
                     -   
(zapad)    ---       /   
              /       ---    (istok)
              -           
              \          
           ---+  |\|/+---
              |  |   |  
              |  |   | 
              |  |L  |
           
               (jug)
Nov 01, 2020 1:58:58 PM hr.pb.fer.srsv.helper.PrikaznikRaskrizja run
INFO:               (sjever)

              |   |  |
              |   |  | 
              |   |  |  
           ---+/|\|  +---
                     \   
                     -   
(zapad)    ---       /   
              /       ---    (istok)
              -           
              \          
           ---+  |\|/+---
              |  |   |  
              |  |   | 
              |  |L  |
           
               (jug)
Nov 01, 2020 1:59:00 PM hr.pb.fer.srsv.helper.PrikaznikRaskrizja run
INFO:               (sjever)

              |   |  |
              |   |  | 
              |   |  |  
           ---+/|\|  +---
                     \   
                     -   
(zapad)    ---       /   
              /       ---    (istok)
              -           
              \          
           ---+  |\|/+---
              |  |   |  
              |  |   | 
              |  |L  |
           
               (jug)
Nov 01, 2020 1:59:02 PM hr.pb.fer.srsv.helper.PrikaznikRaskrizja run
INFO:               (sjever)

              |   |  |
              |   |  | 
              |   |  |  
           ---+/|\|  +---
                     \   
                     -   
(zapad)    ---       /   
              /       ---    (istok)
              -           
              \          
           ---+  |\|/+---
              |  |   |  
              |  |   | 
              |  |L  |
           
               (jug)
Nov 01, 2020 1:59:04 PM hr.pb.fer.srsv.helper.PrikaznikRaskrizja run
INFO:               (sjever)

              |   |  |
              |   |  | 
              |   |  |  
           ---+/|\|  +---
                     \   
                     -   
(zapad)    ---       /   
              /       ---    (istok)
              -           
              \          
           ---+  |\|/+---
              |  |   |  
              |  |   | 
              |  |L  |
           
               (jug)
Nov 01, 2020 1:59:06 PM hr.pb.fer.srsv.helper.PrikaznikRaskrizja run
INFO:               (sjever)

              |   |  |
              |   |  | 
              |   |  |  
           ---+/|\|  +---
                     \   
           LLLL      -   
(zapad)    --- L     /   
              / L     ---    (istok)
              -  L        
              \   L      
           ---+  |L|/+---
              |  |L  |  
              |  |L  | 
              |  |L  |
           
               (jug)
Nov 01, 2020 1:59:08 PM hr.pb.fer.srsv.helper.PrikaznikRaskrizja run
INFO:               (sjever)

              |   |  |
              |   |  | 
              |   |  |  
           ---+/|\|  +---
                     \   
                     -   
(zapad)    ---       /   
              /       ---    (istok)
              -           
              \          
           ---+  |\|/+---
              |  |   |  
              |  |   | 
              |  |   |
           
               (jug)
Nov 01, 2020 1:59:10 PM hr.pb.fer.srsv.helper.PrikaznikRaskrizja run
INFO:               (sjever)

              |   |  |
              |   |  | 
              |   |  |  
           ---+/|\|  +---
                     \   
                     -   
(zapad)    ---       /   
              /       ---    (istok)
              -           
              \          
           ---+  |\|/+---
              |  |   |  
              |  |   | 
              |  |   |
           
               (jug)
Nov 01, 2020 1:59:12 PM hr.pb.fer.srsv.helper.PrikaznikRaskrizja run
INFO:               (sjever)

              |   |  |
              |   |  | 
              |   |  |  
           ---+/|\|  +---
                     \   
                     -   
(zapad)    ---       /   
              /       ---    (istok)
              -           
              \          
           ---+  |\|/+---
              |  |   |  
              |  |   | 
              |  |   |
           
               (jug)
Nov 01, 2020 1:59:14 PM hr.pb.fer.srsv.helper.PrikaznikRaskrizja run
INFO:               (sjever)

              |   |  |
              |   |  | 
              |   |  |  
           ---+/|\|  +---
                     \   
                     -   
(zapad)    ---       /   
              /       ---    (istok)
              -           
              \          
           ---+  |\|/+---
              |  |   |  
              |  |   | 
              |  |   |
           
               (jug)
Nov 01, 2020 1:59:16 PM hr.pb.fer.srsv.helper.PrikaznikRaskrizja run
INFO:               (sjever)

              |   |  |
              |   |  | 
              |   |  |  
           ---+/|\|  +---
                     \   
                     -   
(zapad)    ---       /   
              /       ---    (istok)
              -           
              \          
           ---+  |\|/+---
              |  |   |  
              |  |   | 
              |  |   |
           
               (jug)
Nov 01, 2020 1:59:18 PM hr.pb.fer.srsv.helper.PrikaznikRaskrizja run
INFO:               (sjever)

              |   |  |
              |   |  | 
              |   |  |  
           ---+/|\|  +---
                     \   
                     -   
(zapad)    ---       /   
              /       ---    (istok)
              -           
              \          
           ---+  |\|/+---
              |  |   |  
              |  |   | 
              |  |   |
           
               (jug)
Nov 01, 2020 1:59:20 PM hr.pb.fer.srsv.helper.PrikaznikRaskrizja run
INFO:               (sjever)

              |   |  |
              |   |  | 
              |   |  |  
           ---+/|\|  +---
                     \   
                     -   
(zapad)    ---       /   
              /       ---    (istok)
              -           
              \          
           ---+  |\|/+---
              |  |   |  
              |  |   | 
              |  |   |
           
               (jug)
Nov 01, 2020 1:59:22 PM hr.pb.fer.srsv.helper.PrikaznikRaskrizja run
INFO:               (sjever)

              |   |  |
              |   |  | 
              |   |  |  
           ---+/|\|  +---
                     \   
                     -   
(zapad)    ---       /   
              /       ---    (istok)
              -           
              \          
           ---+  |\|/+---
              |  |   |  
              |  |   | 
              |  |   |
           
               (jug)
Nov 01, 2020 1:59:24 PM hr.pb.fer.srsv.helper.PrikaznikRaskrizja run
INFO:               (sjever)

              |   |  |
              |   |  | 
              |   |  |  
           ---+/|\|  +---
                     \   
                     -   
(zapad)    ---       /   
              /       ---    (istok)
              -           
              \          
           ---+  |\|/+---
              |  |   |  
              |  |   | 
              |  |   |
           
               (jug)
Nov 01, 2020 1:59:26 PM hr.pb.fer.srsv.helper.PrikaznikRaskrizja run
INFO:               (sjever)

              |   |  |
              |   |  | 
              |   |  |  
           ---+/|\|  +---
                     \   
                     -   
(zapad)    ---       /   
              /       ---    (istok)
              -           
              \          
           ---+  |\|/+---
              |  |   |  
              |  |   | 
              |  |   |
           
               (jug)
Nov 01, 2020 1:59:28 PM hr.pb.fer.srsv.helper.PrikaznikRaskrizja run
INFO:               (sjever)

              |   |  |
              |   |  | 
              |   |  |  
           ---+/|\|  +---
                     \   
                     -   
(zapad)    ---       /   
              /       ---    (istok)
              -           
              \          
           ---+  |\|/+---
              |  |   |  
              |  |   | 
              |  |   |
           
               (jug)
